<?xml version="1.0" encoding="UTF-8"?>
<!-- Generated by org.testng.reporters.JUnitReportReporter -->
<testsuite hostname="DESKTOP-UTMBFEU" failures="0" tests="1" name="com.inetbanking.testcases.TC_AddNewCustomerTest_002" time="8.098" errors="1" timestamp="2024-03-30T00:35:13 IST" skipped="0">
  <testcase classname="com.inetbanking.testcases.TC_AddNewCustomerTest_002" name="loginTest" time="8.098">
    <error type="java.lang.StackOverflowError">
      <![CDATA[java.lang.StackOverflowError
at com.inetbanking.testcases.TC_AddNewCustomerTest_002.randomAlphanumericString(TC_AddNewCustomerTest_002.java:48)
at com.inetbanking.testcases.TC_AddNewCustomerTest_002.randomAlphanumericString(TC_AddNewCustomerTest_002.java:48)
at com.inetbanking.testcases.TC_AddNewCustomerTest_002.randomAlphanumericString(TC_AddNewCustomerTest_002.java:48)
at com.inetbanking.testcases.TC_AddNewCustomerTest_002.randomAlphanumericString(TC_AddNewCustomerTest_002.java:48)
at com.inetbanking.testcases.TC_AddNewCustomerTest_002.randomAlphanumericString(TC_AddNewCustomerTest_002.java:48)
at com.inetbanking.testcases.TC_AddNewCustomerTest_002.randomAlphanumericString(TC_AddNewCustomerTest_002.java:48)
at com.inetbanking.testcases.TC_AddNewCustomerTest_002.randomAlphanumericString(TC_AddNewCustomerTest_002.java:48)
at com.inetbanking.testcases.TC_AddNewCustomerTest_002.randomAlphanumericString(TC_AddNewCustomerTest_002.java:48)
at com.inetbanking.testcases.TC_AddNewCustomerTest_002.randomAlphanumericString(TC_AddNewCustomerTest_002.java:48)
at com.inetbanking.testcases.TC_AddNewCustomerTest_002.randomAlphanumericString(TC_AddNewCustomerTest_002.java:48)
at com.inetbanking.testcases.TC_AddNewCustomerTest_002.randomAlphanumericString(TC_AddNewCustomerTest_002.java:48)
at com.inetbanking.testcases.TC_AddNewCustomerTest_002.randomAlphanumericString(TC_AddNewCustomerTest_002.java:48)
at com.inetbanking.testcases.TC_AddNewCustomerTest_002.randomAlphanumericString(TC_AddNewCustomerTest_002.java:48)
at com.inetbanking.testcases.TC_AddNewCustomerTest_002.randomAlphanumericString(TC_AddNewCustomerTest_002.java:48)
at com.inetbanking.testcases.TC_AddNewCustomerTest_002.randomAlphanumericString(TC_AddNewCustomerTest_002.java:48)
at com.inetbanking.testcases.TC_AddNewCustomerTest_002.randomAlphanumericString(TC_AddNewCustomerTest_002.java:48)
at com.inetbanking.testcases.TC_AddNewCustomerTest_002.randomAlphanumericString(TC_AddNewCustomerTest_002.java:48)
at com.inetbanking.testcases.TC_AddNewCustomerTest_002.randomAlphanumericString(TC_AddNewCustomerTest_002.java:48)
at com.inetbanking.testcases.TC_AddNewCustomerTest_002.randomAlphanumericString(TC_AddNewCustomerTest_002.java:48)
at com.inetbanking.testcases.TC_AddNewCustomerTest_002.randomAlphanumericString(TC_AddNewCustomerTest_002.java:48)
at com.inetbanking.testcases.TC_AddNewCustomerTest_002.randomAlphanumericString(TC_AddNewCustomerTest_002.java:48)
at com.inetbanking.testcases.TC_AddNewCustomerTest_002.randomAlphanumericString(TC_AddNewCustomerTest_002.java:48)
at com.inetbanking.testcases.TC_AddNewCustomerTest_002.randomAlphanumericString(TC_AddNewCustomerTest_002.java:48)
at com.inetbanking.testcases.TC_AddNewCustomerTest_002.randomAlphanumericString(TC_AddNewCustomerTest_002.java:48)
at com.inetbanking.testcases.TC_AddNewCustomerTest_002.randomAlphanumericString(TC_AddNewCustomerTest_002.java:48)
at com.inetbanking.testcases.TC_AddNewCustomerTest_002.randomAlphanumericString(TC_AddNewCustomerTest_002.java:48)
at com.inetbanking.testcases.TC_AddNewCustomerTest_002.randomAlphanumericString(TC_AddNewCustomerTest_002.java:48)
at com.inetbanking.testcases.TC_AddNewCustomerTest_002.randomAlphanumericString(TC_AddNewCustomerTest_002.java:48)
at com.inetbanking.testcases.TC_AddNewCustomerTest_002.randomAlphanumericString(TC_AddNewCustomerTest_002.java:48)
at com.inetbanking.testcases.TC_AddNewCustomerTest_002.randomAlphanumericString(TC_AddNewCustomerTest_002.java:48)
at com.inetbanking.testcases.TC_AddNewCustomerTest_002.randomAlphanumericString(TC_AddNewCustomerTest_002.java:48)
at com.inetbanking.testcases.TC_AddNewCustomerTest_002.randomAlphanumericString(TC_AddNewCustomerTest_002.java:48)
at com.inetbanking.testcases.TC_AddNewCustomerTest_002.randomAlphanumericString(TC_AddNewCustomerTest_002.java:48)
at com.inetbanking.testcases.TC_AddNewCustomerTest_002.randomAlphanumericString(TC_AddNewCustomerTest_002.java:48)
at com.inetbanking.testcases.TC_AddNewCustomerTest_002.randomAlphanumericString(TC_AddNewCustomerTest_002.java:48)
at com.inetbanking.testcases.TC_AddNewCustomerTest_002.randomAlphanumericString(TC_AddNewCustomerTest_002.java:48)
at com.inetbanking.testcases.TC_AddNewCustomerTest_002.randomAlphanumericString(TC_AddNewCustomerTest_002.java:48)
at com.inetbanking.testcases.TC_AddNewCustomerTest_002.randomAlphanumericString(TC_AddNewCustomerTest_002.java:48)
at com.inetbanking.testcases.TC_AddNewCustomerTest_002.randomAlphanumericString(TC_AddNewCustomerTest_002.java:48)
at com.inetbanking.testcases.TC_AddNewCustomerTest_002.randomAlphanumericString(TC_AddNewCustomerTest_002.java:48)
at com.inetbanking.testcases.TC_AddNewCustomerTest_002.randomAlphanumericString(TC_AddNewCustomerTest_002.java:48)
at com.inetbanking.testcases.TC_AddNewCustomerTest_002.randomAlphanumericString(TC_AddNewCustomerTest_002.java:48)
at com.inetbanking.testcases.TC_AddNewCustomerTest_002.randomAlphanumericString(TC_AddNewCustomerTest_002.java:48)
at com.inetbanking.testcases.TC_AddNewCustomerTest_002.randomAlphanumericString(TC_AddNewCustomerTest_002.java:48)
at com.inetbanking.testcases.TC_AddNewCustomerTest_002.randomAlphanumericString(TC_AddNewCustomerTest_002.java:48)
at com.inetbanking.testcases.TC_AddNewCustomerTest_002.randomAlphanumericString(TC_AddNewCustomerTest_002.java:48)
at com.inetbanking.testcases.TC_AddNewCustomerTest_002.randomAlphanumericString(TC_AddNewCustomerTest_002.java:48)
at com.inetbanking.testcases.TC_AddNewCustomerTest_002.randomAlphanumericString(TC_AddNewCustomerTest_002.java:48)
at com.inetbanking.testcases.TC_AddNewCustomerTest_002.randomAlphanumericString(TC_AddNewCustomerTest_002.java:48)
at com.inetbanking.testcases.TC_AddNewCustomerTest_002.randomAlphanumericString(TC_AddNewCustomerTest_002.java:48)
at com.inetbanking.testcases.TC_AddNewCustomerTest_002.randomAlphanumericString(TC_AddNewCustomerTest_002.java:48)
at com.inetbanking.testcases.TC_AddNewCustomerTest_002.randomAlphanumericString(TC_AddNewCustomerTest_002.java:48)
at com.inetbanking.testcases.TC_AddNewCustomerTest_002.randomAlphanumericString(TC_AddNewCustomerTest_002.java:48)
at com.inetbanking.testcases.TC_AddNewCustomerTest_002.randomAlphanumericString(TC_AddNewCustomerTest_002.java:48)
at com.inetbanking.testcases.TC_AddNewCustomerTest_002.randomAlphanumericString(TC_AddNewCustomerTest_002.java:48)
at com.inetbanking.testcases.TC_AddNewCustomerTest_002.randomAlphanumericString(TC_AddNewCustomerTest_002.java:48)
at com.inetbanking.testcases.TC_AddNewCustomerTest_002.randomAlphanumericString(TC_AddNewCustomerTest_002.java:48)
at com.inetbanking.testcases.TC_AddNewCustomerTest_002.randomAlphanumericString(TC_AddNewCustomerTest_002.java:48)
at com.inetbanking.testcases.TC_AddNewCustomerTest_002.randomAlphanumericString(TC_AddNewCustomerTest_002.java:48)
at com.inetbanking.testcases.TC_AddNewCustomerTest_002.randomAlphanumericString(TC_AddNewCustomerTest_002.java:48)
at com.inetbanking.testcases.TC_AddNewCustomerTest_002.randomAlphanumericString(TC_AddNewCustomerTest_002.java:48)
at com.inetbanking.testcases.TC_AddNewCustomerTest_002.randomAlphanumericString(TC_AddNewCustomerTest_002.java:48)
at com.inetbanking.testcases.TC_AddNewCustomerTest_002.randomAlphanumericString(TC_AddNewCustomerTest_002.java:48)
at com.inetbanking.testcases.TC_AddNewCustomerTest_002.randomAlphanumericString(TC_AddNewCustomerTest_002.java:48)
at com.inetbanking.testcases.TC_AddNewCustomerTest_002.randomAlphanumericString(TC_AddNewCustomerTest_002.java:48)
at com.inetbanking.testcases.TC_AddNewCustomerTest_002.randomAlphanumericString(TC_AddNewCustomerTest_002.java:48)
at com.inetbanking.testcases.TC_AddNewCustomerTest_002.randomAlphanumericString(TC_AddNewCustomerTest_002.java:48)
at com.inetbanking.testcases.TC_AddNewCustomerTest_002.randomAlphanumericString(TC_AddNewCustomerTest_002.java:48)
at com.inetbanking.testcases.TC_AddNewCustomerTest_002.randomAlphanumericString(TC_AddNewCustomerTest_002.java:48)
at com.inetbanking.testcases.TC_AddNewCustomerTest_002.randomAlphanumericString(TC_AddNewCustomerTest_002.java:48)
at com.inetbanking.testcases.TC_AddNewCustomerTest_002.randomAlphanumericString(TC_AddNewCustomerTest_002.java:48)
at com.inetbanking.testcases.TC_AddNewCustomerTest_002.randomAlphanumericString(TC_AddNewCustomerTest_002.java:48)
at com.inetbanking.testcases.TC_AddNewCustomerTest_002.randomAlphanumericString(TC_AddNewCustomerTest_002.java:48)
at com.inetbanking.testcases.TC_AddNewCustomerTest_002.randomAlphanumericString(TC_AddNewCustomerTest_002.java:48)
at com.inetbanking.testcases.TC_AddNewCustomerTest_002.randomAlphanumericString(TC_AddNewCustomerTest_002.java:48)
at com.inetbanking.testcases.TC_AddNewCustomerTest_002.randomAlphanumericString(TC_AddNewCustomerTest_002.java:48)
at com.inetbanking.testcases.TC_AddNewCustomerTest_002.randomAlphanumericString(TC_AddNewCustomerTest_002.java:48)
at com.inetbanking.testcases.TC_AddNewCustomerTest_002.randomAlphanumericString(TC_AddNewCustomerTest_002.java:48)
at com.inetbanking.testcases.TC_AddNewCustomerTest_002.randomAlphanumericString(TC_AddNewCustomerTest_002.java:48)
at com.inetbanking.testcases.TC_AddNewCustomerTest_002.randomAlphanumericString(TC_AddNewCustomerTest_002.java:48)
at com.inetbanking.testcases.TC_AddNewCustomerTest_002.randomAlphanumericString(TC_AddNewCustomerTest_002.java:48)
at com.inetbanking.testcases.TC_AddNewCustomerTest_002.randomAlphanumericString(TC_AddNewCustomerTest_002.java:48)
at com.inetbanking.testcases.TC_AddNewCustomerTest_002.randomAlphanumericString(TC_AddNewCustomerTest_002.java:48)
at com.inetbanking.testcases.TC_AddNewCustomerTest_002.randomAlphanumericString(TC_AddNewCustomerTest_002.java:48)
at com.inetbanking.testcases.TC_AddNewCustomerTest_002.randomAlphanumericString(TC_AddNewCustomerTest_002.java:48)
at com.inetbanking.testcases.TC_AddNewCustomerTest_002.randomAlphanumericString(TC_AddNewCustomerTest_002.java:48)
at com.inetbanking.testcases.TC_AddNewCustomerTest_002.randomAlphanumericString(TC_AddNewCustomerTest_002.java:48)
at com.inetbanking.testcases.TC_AddNewCustomerTest_002.randomAlphanumericString(TC_AddNewCustomerTest_002.java:48)
at com.inetbanking.testcases.TC_AddNewCustomerTest_002.randomAlphanumericString(TC_AddNewCustomerTest_002.java:48)
at com.inetbanking.testcases.TC_AddNewCustomerTest_002.randomAlphanumericString(TC_AddNewCustomerTest_002.java:48)
at com.inetbanking.testcases.TC_AddNewCustomerTest_002.randomAlphanumericString(TC_AddNewCustomerTest_002.java:48)
at com.inetbanking.testcases.TC_AddNewCustomerTest_002.randomAlphanumericString(TC_AddNewCustomerTest_002.java:48)
at com.inetbanking.testcases.TC_AddNewCustomerTest_002.randomAlphanumericString(TC_AddNewCustomerTest_002.java:48)
at com.inetbanking.testcases.TC_AddNewCustomerTest_002.randomAlphanumericString(TC_AddNewCustomerTest_002.java:48)
at com.inetbanking.testcases.TC_AddNewCustomerTest_002.randomAlphanumericString(TC_AddNewCustomerTest_002.java:48)
at com.inetbanking.testcases.TC_AddNewCustomerTest_002.randomAlphanumericString(TC_AddNewCustomerTest_002.java:48)
at com.inetbanking.testcases.TC_AddNewCustomerTest_002.randomAlphanumericString(TC_AddNewCustomerTest_002.java:48)
at com.inetbanking.testcases.TC_AddNewCustomerTest_002.randomAlphanumericString(TC_AddNewCustomerTest_002.java:48)
at com.inetbanking.testcases.TC_AddNewCustomerTest_002.randomAlphanumericString(TC_AddNewCustomerTest_002.java:48)
at com.inetbanking.testcases.TC_AddNewCustomerTest_002.randomAlphanumericString(TC_AddNewCustomerTest_002.java:48)
at com.inetbanking.testcases.TC_AddNewCustomerTest_002.randomAlphanumericString(TC_AddNewCustomerTest_002.java:48)
at com.inetbanking.testcases.TC_AddNewCustomerTest_002.randomAlphanumericString(TC_AddNewCustomerTest_002.java:48)
at com.inetbanking.testcases.TC_AddNewCustomerTest_002.randomAlphanumericString(TC_AddNewCustomerTest_002.java:48)
at com.inetbanking.testcases.TC_AddNewCustomerTest_002.randomAlphanumericString(TC_AddNewCustomerTest_002.java:48)
at com.inetbanking.testcases.TC_AddNewCustomerTest_002.randomAlphanumericString(TC_AddNewCustomerTest_002.java:48)
at com.inetbanking.testcases.TC_AddNewCustomerTest_002.randomAlphanumericString(TC_AddNewCustomerTest_002.java:48)
at com.inetbanking.testcases.TC_AddNewCustomerTest_002.randomAlphanumericString(TC_AddNewCustomerTest_002.java:48)
at com.inetbanking.testcases.TC_AddNewCustomerTest_002.randomAlphanumericString(TC_AddNewCustomerTest_002.java:48)
at com.inetbanking.testcases.TC_AddNewCustomerTest_002.randomAlphanumericString(TC_AddNewCustomerTest_002.java:48)
at com.inetbanking.testcases.TC_AddNewCustomerTest_002.randomAlphanumericString(TC_AddNewCustomerTest_002.java:48)
at com.inetbanking.testcases.TC_AddNewCustomerTest_002.randomAlphanumericString(TC_AddNewCustomerTest_002.java:48)
at com.inetbanking.testcases.TC_AddNewCustomerTest_002.randomAlphanumericString(TC_AddNewCustomerTest_002.java:48)
at com.inetbanking.testcases.TC_AddNewCustomerTest_002.randomAlphanumericString(TC_AddNewCustomerTest_002.java:48)
at com.inetbanking.testcases.TC_AddNewCustomerTest_002.randomAlphanumericString(TC_AddNewCustomerTest_002.java:48)
at com.inetbanking.testcases.TC_AddNewCustomerTest_002.randomAlphanumericString(TC_AddNewCustomerTest_002.java:48)
at com.inetbanking.testcases.TC_AddNewCustomerTest_002.randomAlphanumericString(TC_AddNewCustomerTest_002.java:48)
at com.inetbanking.testcases.TC_AddNewCustomerTest_002.randomAlphanumericString(TC_AddNewCustomerTest_002.java:48)
at com.inetbanking.testcases.TC_AddNewCustomerTest_002.randomAlphanumericString(TC_AddNewCustomerTest_002.java:48)
at com.inetbanking.testcases.TC_AddNewCustomerTest_002.randomAlphanumericString(TC_AddNewCustomerTest_002.java:48)
at com.inetbanking.testcases.TC_AddNewCustomerTest_002.randomAlphanumericString(TC_AddNewCustomerTest_002.java:48)
at com.inetbanking.testcases.TC_AddNewCustomerTest_002.randomAlphanumericString(TC_AddNewCustomerTest_002.java:48)
at com.inetbanking.testcases.TC_AddNewCustomerTest_002.randomAlphanumericString(TC_AddNewCustomerTest_002.java:48)
at com.inetbanking.testcases.TC_AddNewCustomerTest_002.randomAlphanumericString(TC_AddNewCustomerTest_002.java:48)
at com.inetbanking.testcases.TC_AddNewCustomerTest_002.randomAlphanumericString(TC_AddNewCustomerTest_002.java:48)
at com.inetbanking.testcases.TC_AddNewCustomerTest_002.randomAlphanumericString(TC_AddNewCustomerTest_002.java:48)
at com.inetbanking.testcases.TC_AddNewCustomerTest_002.randomAlphanumericString(TC_AddNewCustomerTest_002.java:48)
at com.inetbanking.testcases.TC_AddNewCustomerTest_002.randomAlphanumericString(TC_AddNewCustomerTest_002.java:48)
at com.inetbanking.testcases.TC_AddNewCustomerTest_002.randomAlphanumericString(TC_AddNewCustomerTest_002.java:48)
at com.inetbanking.testcases.TC_AddNewCustomerTest_002.randomAlphanumericString(TC_AddNewCustomerTest_002.java:48)
at com.inetbanking.testcases.TC_AddNewCustomerTest_002.randomAlphanumericString(TC_AddNewCustomerTest_002.java:48)
at com.inetbanking.testcases.TC_AddNewCustomerTest_002.randomAlphanumericString(TC_AddNewCustomerTest_002.java:48)
at com.inetbanking.testcases.TC_AddNewCustomerTest_002.randomAlphanumericString(TC_AddNewCustomerTest_002.java:48)
at com.inetbanking.testcases.TC_AddNewCustomerTest_002.randomAlphanumericString(TC_AddNewCustomerTest_002.java:48)
at com.inetbanking.testcases.TC_AddNewCustomerTest_002.randomAlphanumericString(TC_AddNewCustomerTest_002.java:48)
at com.inetbanking.testcases.TC_AddNewCustomerTest_002.randomAlphanumericString(TC_AddNewCustomerTest_002.java:48)
at com.inetbanking.testcases.TC_AddNewCustomerTest_002.randomAlphanumericString(TC_AddNewCustomerTest_002.java:48)
at com.inetbanking.testcases.TC_AddNewCustomerTest_002.randomAlphanumericString(TC_AddNewCustomerTest_002.java:48)
at com.inetbanking.testcases.TC_AddNewCustomerTest_002.randomAlphanumericString(TC_AddNewCustomerTest_002.java:48)
at com.inetbanking.testcases.TC_AddNewCustomerTest_002.randomAlphanumericString(TC_AddNewCustomerTest_002.java:48)
at com.inetbanking.testcases.TC_AddNewCustomerTest_002.randomAlphanumericString(TC_AddNewCustomerTest_002.java:48)
at com.inetbanking.testcases.TC_AddNewCustomerTest_002.randomAlphanumericString(TC_AddNewCustomerTest_002.java:48)
at com.inetbanking.testcases.TC_AddNewCustomerTest_002.randomAlphanumericString(TC_AddNewCustomerTest_002.java:48)
at com.inetbanking.testcases.TC_AddNewCustomerTest_002.randomAlphanumericString(TC_AddNewCustomerTest_002.java:48)
at com.inetbanking.testcases.TC_AddNewCustomerTest_002.randomAlphanumericString(TC_AddNewCustomerTest_002.java:48)
at com.inetbanking.testcases.TC_AddNewCustomerTest_002.randomAlphanumericString(TC_AddNewCustomerTest_002.java:48)
at com.inetbanking.testcases.TC_AddNewCustomerTest_002.randomAlphanumericString(TC_AddNewCustomerTest_002.java:48)
at com.inetbanking.testcases.TC_AddNewCustomerTest_002.randomAlphanumericString(TC_AddNewCustomerTest_002.java:48)
at com.inetbanking.testcases.TC_AddNewCustomerTest_002.randomAlphanumericString(TC_AddNewCustomerTest_002.java:48)
at com.inetbanking.testcases.TC_AddNewCustomerTest_002.randomAlphanumericString(TC_AddNewCustomerTest_002.java:48)
at com.inetbanking.testcases.TC_AddNewCustomerTest_002.randomAlphanumericString(TC_AddNewCustomerTest_002.java:48)
at com.inetbanking.testcases.TC_AddNewCustomerTest_002.randomAlphanumericString(TC_AddNewCustomerTest_002.java:48)
at com.inetbanking.testcases.TC_AddNewCustomerTest_002.randomAlphanumericString(TC_AddNewCustomerTest_002.java:48)
at com.inetbanking.testcases.TC_AddNewCustomerTest_002.randomAlphanumericString(TC_AddNewCustomerTest_002.java:48)
at com.inetbanking.testcases.TC_AddNewCustomerTest_002.randomAlphanumericString(TC_AddNewCustomerTest_002.java:48)
at com.inetbanking.testcases.TC_AddNewCustomerTest_002.randomAlphanumericString(TC_AddNewCustomerTest_002.java:48)
at com.inetbanking.testcases.TC_AddNewCustomerTest_002.randomAlphanumericString(TC_AddNewCustomerTest_002.java:48)
at com.inetbanking.testcases.TC_AddNewCustomerTest_002.randomAlphanumericString(TC_AddNewCustomerTest_002.java:48)
at com.inetbanking.testcases.TC_AddNewCustomerTest_002.randomAlphanumericString(TC_AddNewCustomerTest_002.java:48)
at com.inetbanking.testcases.TC_AddNewCustomerTest_002.randomAlphanumericString(TC_AddNewCustomerTest_002.java:48)
at com.inetbanking.testcases.TC_AddNewCustomerTest_002.randomAlphanumericString(TC_AddNewCustomerTest_002.java:48)
at com.inetbanking.testcases.TC_AddNewCustomerTest_002.randomAlphanumericString(TC_AddNewCustomerTest_002.java:48)
at com.inetbanking.testcases.TC_AddNewCustomerTest_002.randomAlphanumericString(TC_AddNewCustomerTest_002.java:48)
at com.inetbanking.testcases.TC_AddNewCustomerTest_002.randomAlphanumericString(TC_AddNewCustomerTest_002.java:48)
at com.inetbanking.testcases.TC_AddNewCustomerTest_002.randomAlphanumericString(TC_AddNewCustomerTest_002.java:48)
at com.inetbanking.testcases.TC_AddNewCustomerTest_002.randomAlphanumericString(TC_AddNewCustomerTest_002.java:48)
at com.inetbanking.testcases.TC_AddNewCustomerTest_002.randomAlphanumericString(TC_AddNewCustomerTest_002.java:48)
at com.inetbanking.testcases.TC_AddNewCustomerTest_002.randomAlphanumericString(TC_AddNewCustomerTest_002.java:48)
at com.inetbanking.testcases.TC_AddNewCustomerTest_002.randomAlphanumericString(TC_AddNewCustomerTest_002.java:48)
at com.inetbanking.testcases.TC_AddNewCustomerTest_002.randomAlphanumericString(TC_AddNewCustomerTest_002.java:48)
at com.inetbanking.testcases.TC_AddNewCustomerTest_002.randomAlphanumericString(TC_AddNewCustomerTest_002.java:48)
at com.inetbanking.testcases.TC_AddNewCustomerTest_002.randomAlphanumericString(TC_AddNewCustomerTest_002.java:48)
at com.inetbanking.testcases.TC_AddNewCustomerTest_002.randomAlphanumericString(TC_AddNewCustomerTest_002.java:48)
at com.inetbanking.testcases.TC_AddNewCustomerTest_002.randomAlphanumericString(TC_AddNewCustomerTest_002.java:48)
at com.inetbanking.testcases.TC_AddNewCustomerTest_002.randomAlphanumericString(TC_AddNewCustomerTest_002.java:48)
at com.inetbanking.testcases.TC_AddNewCustomerTest_002.randomAlphanumericString(TC_AddNewCustomerTest_002.java:48)
at com.inetbanking.testcases.TC_AddNewCustomerTest_002.randomAlphanumericString(TC_AddNewCustomerTest_002.java:48)
at com.inetbanking.testcases.TC_AddNewCustomerTest_002.randomAlphanumericString(TC_AddNewCustomerTest_002.java:48)
at com.inetbanking.testcases.TC_AddNewCustomerTest_002.randomAlphanumericString(TC_AddNewCustomerTest_002.java:48)
at com.inetbanking.testcases.TC_AddNewCustomerTest_002.randomAlphanumericString(TC_AddNewCustomerTest_002.java:48)
at com.inetbanking.testcases.TC_AddNewCustomerTest_002.randomAlphanumericString(TC_AddNewCustomerTest_002.java:48)
at com.inetbanking.testcases.TC_AddNewCustomerTest_002.randomAlphanumericString(TC_AddNewCustomerTest_002.java:48)
at com.inetbanking.testcases.TC_AddNewCustomerTest_002.randomAlphanumericString(TC_AddNewCustomerTest_002.java:48)
at com.inetbanking.testcases.TC_AddNewCustomerTest_002.randomAlphanumericString(TC_AddNewCustomerTest_002.java:48)
at com.inetbanking.testcases.TC_AddNewCustomerTest_002.randomAlphanumericString(TC_AddNewCustomerTest_002.java:48)
at com.inetbanking.testcases.TC_AddNewCustomerTest_002.randomAlphanumericString(TC_AddNewCustomerTest_002.java:48)
at com.inetbanking.testcases.TC_AddNewCustomerTest_002.randomAlphanumericString(TC_AddNewCustomerTest_002.java:48)
at com.inetbanking.testcases.TC_AddNewCustomerTest_002.randomAlphanumericString(TC_AddNewCustomerTest_002.java:48)
at com.inetbanking.testcases.TC_AddNewCustomerTest_002.randomAlphanumericString(TC_AddNewCustomerTest_002.java:48)
at com.inetbanking.testcases.TC_AddNewCustomerTest_002.randomAlphanumericString(TC_AddNewCustomerTest_002.java:48)
at com.inetbanking.testcases.TC_AddNewCustomerTest_002.randomAlphanumericString(TC_AddNewCustomerTest_002.java:48)
at com.inetbanking.testcases.TC_AddNewCustomerTest_002.randomAlphanumericString(TC_AddNewCustomerTest_002.java:48)
at com.inetbanking.testcases.TC_AddNewCustomerTest_002.randomAlphanumericString(TC_AddNewCustomerTest_002.java:48)
at com.inetbanking.testcases.TC_AddNewCustomerTest_002.randomAlphanumericString(TC_AddNewCustomerTest_002.java:48)
at com.inetbanking.testcases.TC_AddNewCustomerTest_002.randomAlphanumericString(TC_AddNewCustomerTest_002.java:48)
at com.inetbanking.testcases.TC_AddNewCustomerTest_002.randomAlphanumericString(TC_AddNewCustomerTest_002.java:48)
at com.inetbanking.testcases.TC_AddNewCustomerTest_002.randomAlphanumericString(TC_AddNewCustomerTest_002.java:48)
at com.inetbanking.testcases.TC_AddNewCustomerTest_002.randomAlphanumericString(TC_AddNewCustomerTest_002.java:48)
at com.inetbanking.testcases.TC_AddNewCustomerTest_002.randomAlphanumericString(TC_AddNewCustomerTest_002.java:48)
at com.inetbanking.testcases.TC_AddNewCustomerTest_002.randomAlphanumericString(TC_AddNewCustomerTest_002.java:48)
at com.inetbanking.testcases.TC_AddNewCustomerTest_002.randomAlphanumericString(TC_AddNewCustomerTest_002.java:48)
at com.inetbanking.testcases.TC_AddNewCustomerTest_002.randomAlphanumericString(TC_AddNewCustomerTest_002.java:48)
at com.inetbanking.testcases.TC_AddNewCustomerTest_002.randomAlphanumericString(TC_AddNewCustomerTest_002.java:48)
at com.inetbanking.testcases.TC_AddNewCustomerTest_002.randomAlphanumericString(TC_AddNewCustomerTest_002.java:48)
at com.inetbanking.testcases.TC_AddNewCustomerTest_002.randomAlphanumericString(TC_AddNewCustomerTest_002.java:48)
at com.inetbanking.testcases.TC_AddNewCustomerTest_002.randomAlphanumericString(TC_AddNewCustomerTest_002.java:48)
at com.inetbanking.testcases.TC_AddNewCustomerTest_002.randomAlphanumericString(TC_AddNewCustomerTest_002.java:48)
at com.inetbanking.testcases.TC_AddNewCustomerTest_002.randomAlphanumericString(TC_AddNewCustomerTest_002.java:48)
at com.inetbanking.testcases.TC_AddNewCustomerTest_002.randomAlphanumericString(TC_AddNewCustomerTest_002.java:48)
at com.inetbanking.testcases.TC_AddNewCustomerTest_002.randomAlphanumericString(TC_AddNewCustomerTest_002.java:48)
at com.inetbanking.testcases.TC_AddNewCustomerTest_002.randomAlphanumericString(TC_AddNewCustomerTest_002.java:48)
at com.inetbanking.testcases.TC_AddNewCustomerTest_002.randomAlphanumericString(TC_AddNewCustomerTest_002.java:48)
at com.inetbanking.testcases.TC_AddNewCustomerTest_002.randomAlphanumericString(TC_AddNewCustomerTest_002.java:48)
at com.inetbanking.testcases.TC_AddNewCustomerTest_002.randomAlphanumericString(TC_AddNewCustomerTest_002.java:48)
at com.inetbanking.testcases.TC_AddNewCustomerTest_002.randomAlphanumericString(TC_AddNewCustomerTest_002.java:48)
at com.inetbanking.testcases.TC_AddNewCustomerTest_002.randomAlphanumericString(TC_AddNewCustomerTest_002.java:48)
at com.inetbanking.testcases.TC_AddNewCustomerTest_002.randomAlphanumericString(TC_AddNewCustomerTest_002.java:48)
at com.inetbanking.testcases.TC_AddNewCustomerTest_002.randomAlphanumericString(TC_AddNewCustomerTest_002.java:48)
at com.inetbanking.testcases.TC_AddNewCustomerTest_002.randomAlphanumericString(TC_AddNewCustomerTest_002.java:48)
at com.inetbanking.testcases.TC_AddNewCustomerTest_002.randomAlphanumericString(TC_AddNewCustomerTest_002.java:48)
at com.inetbanking.testcases.TC_AddNewCustomerTest_002.randomAlphanumericString(TC_AddNewCustomerTest_002.java:48)
at com.inetbanking.testcases.TC_AddNewCustomerTest_002.randomAlphanumericString(TC_AddNewCustomerTest_002.java:48)
at com.inetbanking.testcases.TC_AddNewCustomerTest_002.randomAlphanumericString(TC_AddNewCustomerTest_002.java:48)
at com.inetbanking.testcases.TC_AddNewCustomerTest_002.randomAlphanumericString(TC_AddNewCustomerTest_002.java:48)
at com.inetbanking.testcases.TC_AddNewCustomerTest_002.randomAlphanumericString(TC_AddNewCustomerTest_002.java:48)
at com.inetbanking.testcases.TC_AddNewCustomerTest_002.randomAlphanumericString(TC_AddNewCustomerTest_002.java:48)
at com.inetbanking.testcases.TC_AddNewCustomerTest_002.randomAlphanumericString(TC_AddNewCustomerTest_002.java:48)
at com.inetbanking.testcases.TC_AddNewCustomerTest_002.randomAlphanumericString(TC_AddNewCustomerTest_002.java:48)
at com.inetbanking.testcases.TC_AddNewCustomerTest_002.randomAlphanumericString(TC_AddNewCustomerTest_002.java:48)
at com.inetbanking.testcases.TC_AddNewCustomerTest_002.randomAlphanumericString(TC_AddNewCustomerTest_002.java:48)
at com.inetbanking.testcases.TC_AddNewCustomerTest_002.randomAlphanumericString(TC_AddNewCustomerTest_002.java:48)
at com.inetbanking.testcases.TC_AddNewCustomerTest_002.randomAlphanumericString(TC_AddNewCustomerTest_002.java:48)
at com.inetbanking.testcases.TC_AddNewCustomerTest_002.randomAlphanumericString(TC_AddNewCustomerTest_002.java:48)
at com.inetbanking.testcases.TC_AddNewCustomerTest_002.randomAlphanumericString(TC_AddNewCustomerTest_002.java:48)
at com.inetbanking.testcases.TC_AddNewCustomerTest_002.randomAlphanumericString(TC_AddNewCustomerTest_002.java:48)
at com.inetbanking.testcases.TC_AddNewCustomerTest_002.randomAlphanumericString(TC_AddNewCustomerTest_002.java:48)
at com.inetbanking.testcases.TC_AddNewCustomerTest_002.randomAlphanumericString(TC_AddNewCustomerTest_002.java:48)
at com.inetbanking.testcases.TC_AddNewCustomerTest_002.randomAlphanumericString(TC_AddNewCustomerTest_002.java:48)
at com.inetbanking.testcases.TC_AddNewCustomerTest_002.randomAlphanumericString(TC_AddNewCustomerTest_002.java:48)
at com.inetbanking.testcases.TC_AddNewCustomerTest_002.randomAlphanumericString(TC_AddNewCustomerTest_002.java:48)
at com.inetbanking.testcases.TC_AddNewCustomerTest_002.randomAlphanumericString(TC_AddNewCustomerTest_002.java:48)
at com.inetbanking.testcases.TC_AddNewCustomerTest_002.randomAlphanumericString(TC_AddNewCustomerTest_002.java:48)
at com.inetbanking.testcases.TC_AddNewCustomerTest_002.randomAlphanumericString(TC_AddNewCustomerTest_002.java:48)
at com.inetbanking.testcases.TC_AddNewCustomerTest_002.randomAlphanumericString(TC_AddNewCustomerTest_002.java:48)
at com.inetbanking.testcases.TC_AddNewCustomerTest_002.randomAlphanumericString(TC_AddNewCustomerTest_002.java:48)
at com.inetbanking.testcases.TC_AddNewCustomerTest_002.randomAlphanumericString(TC_AddNewCustomerTest_002.java:48)
at com.inetbanking.testcases.TC_AddNewCustomerTest_002.randomAlphanumericString(TC_AddNewCustomerTest_002.java:48)
at com.inetbanking.testcases.TC_AddNewCustomerTest_002.randomAlphanumericString(TC_AddNewCustomerTest_002.java:48)
at com.inetbanking.testcases.TC_AddNewCustomerTest_002.randomAlphanumericString(TC_AddNewCustomerTest_002.java:48)
at com.inetbanking.testcases.TC_AddNewCustomerTest_002.randomAlphanumericString(TC_AddNewCustomerTest_002.java:48)
at com.inetbanking.testcases.TC_AddNewCustomerTest_002.randomAlphanumericString(TC_AddNewCustomerTest_002.java:48)
at com.inetbanking.testcases.TC_AddNewCustomerTest_002.randomAlphanumericString(TC_AddNewCustomerTest_002.java:48)
at com.inetbanking.testcases.TC_AddNewCustomerTest_002.randomAlphanumericString(TC_AddNewCustomerTest_002.java:48)
at com.inetbanking.testcases.TC_AddNewCustomerTest_002.randomAlphanumericString(TC_AddNewCustomerTest_002.java:48)
at com.inetbanking.testcases.TC_AddNewCustomerTest_002.randomAlphanumericString(TC_AddNewCustomerTest_002.java:48)
at com.inetbanking.testcases.TC_AddNewCustomerTest_002.randomAlphanumericString(TC_AddNewCustomerTest_002.java:48)
at com.inetbanking.testcases.TC_AddNewCustomerTest_002.randomAlphanumericString(TC_AddNewCustomerTest_002.java:48)
at com.inetbanking.testcases.TC_AddNewCustomerTest_002.randomAlphanumericString(TC_AddNewCustomerTest_002.java:48)
at com.inetbanking.testcases.TC_AddNewCustomerTest_002.randomAlphanumericString(TC_AddNewCustomerTest_002.java:48)
at com.inetbanking.testcases.TC_AddNewCustomerTest_002.randomAlphanumericString(TC_AddNewCustomerTest_002.java:48)
at com.inetbanking.testcases.TC_AddNewCustomerTest_002.randomAlphanumericString(TC_AddNewCustomerTest_002.java:48)
at com.inetbanking.testcases.TC_AddNewCustomerTest_002.randomAlphanumericString(TC_AddNewCustomerTest_002.java:48)
at com.inetbanking.testcases.TC_AddNewCustomerTest_002.randomAlphanumericString(TC_AddNewCustomerTest_002.java:48)
at com.inetbanking.testcases.TC_AddNewCustomerTest_002.randomAlphanumericString(TC_AddNewCustomerTest_002.java:48)
at com.inetbanking.testcases.TC_AddNewCustomerTest_002.randomAlphanumericString(TC_AddNewCustomerTest_002.java:48)
at com.inetbanking.testcases.TC_AddNewCustomerTest_002.randomAlphanumericString(TC_AddNewCustomerTest_002.java:48)
at com.inetbanking.testcases.TC_AddNewCustomerTest_002.randomAlphanumericString(TC_AddNewCustomerTest_002.java:48)
at com.inetbanking.testcases.TC_AddNewCustomerTest_002.randomAlphanumericString(TC_AddNewCustomerTest_002.java:48)
at com.inetbanking.testcases.TC_AddNewCustomerTest_002.randomAlphanumericString(TC_AddNewCustomerTest_002.java:48)
at com.inetbanking.testcases.TC_AddNewCustomerTest_002.randomAlphanumericString(TC_AddNewCustomerTest_002.java:48)
at com.inetbanking.testcases.TC_AddNewCustomerTest_002.randomAlphanumericString(TC_AddNewCustomerTest_002.java:48)
at com.inetbanking.testcases.TC_AddNewCustomerTest_002.randomAlphanumericString(TC_AddNewCustomerTest_002.java:48)
at com.inetbanking.testcases.TC_AddNewCustomerTest_002.randomAlphanumericString(TC_AddNewCustomerTest_002.java:48)
at com.inetbanking.testcases.TC_AddNewCustomerTest_002.randomAlphanumericString(TC_AddNewCustomerTest_002.java:48)
at com.inetbanking.testcases.TC_AddNewCustomerTest_002.randomAlphanumericString(TC_AddNewCustomerTest_002.java:48)
at com.inetbanking.testcases.TC_AddNewCustomerTest_002.randomAlphanumericString(TC_AddNewCustomerTest_002.java:48)
at com.inetbanking.testcases.TC_AddNewCustomerTest_002.randomAlphanumericString(TC_AddNewCustomerTest_002.java:48)
at com.inetbanking.testcases.TC_AddNewCustomerTest_002.randomAlphanumericString(TC_AddNewCustomerTest_002.java:48)
at com.inetbanking.testcases.TC_AddNewCustomerTest_002.randomAlphanumericString(TC_AddNewCustomerTest_002.java:48)
at com.inetbanking.testcases.TC_AddNewCustomerTest_002.randomAlphanumericString(TC_AddNewCustomerTest_002.java:48)
at com.inetbanking.testcases.TC_AddNewCustomerTest_002.randomAlphanumericString(TC_AddNewCustomerTest_002.java:48)
at com.inetbanking.testcases.TC_AddNewCustomerTest_002.randomAlphanumericString(TC_AddNewCustomerTest_002.java:48)
at com.inetbanking.testcases.TC_AddNewCustomerTest_002.randomAlphanumericString(TC_AddNewCustomerTest_002.java:48)
at com.inetbanking.testcases.TC_AddNewCustomerTest_002.randomAlphanumericString(TC_AddNewCustomerTest_002.java:48)
at com.inetbanking.testcases.TC_AddNewCustomerTest_002.randomAlphanumericString(TC_AddNewCustomerTest_002.java:48)
at com.inetbanking.testcases.TC_AddNewCustomerTest_002.randomAlphanumericString(TC_AddNewCustomerTest_002.java:48)
at com.inetbanking.testcases.TC_AddNewCustomerTest_002.randomAlphanumericString(TC_AddNewCustomerTest_002.java:48)
at com.inetbanking.testcases.TC_AddNewCustomerTest_002.randomAlphanumericString(TC_AddNewCustomerTest_002.java:48)
at com.inetbanking.testcases.TC_AddNewCustomerTest_002.randomAlphanumericString(TC_AddNewCustomerTest_002.java:48)
at com.inetbanking.testcases.TC_AddNewCustomerTest_002.randomAlphanumericString(TC_AddNewCustomerTest_002.java:48)
at com.inetbanking.testcases.TC_AddNewCustomerTest_002.randomAlphanumericString(TC_AddNewCustomerTest_002.java:48)
at com.inetbanking.testcases.TC_AddNewCustomerTest_002.randomAlphanumericString(TC_AddNewCustomerTest_002.java:48)
at com.inetbanking.testcases.TC_AddNewCustomerTest_002.randomAlphanumericString(TC_AddNewCustomerTest_002.java:48)
at com.inetbanking.testcases.TC_AddNewCustomerTest_002.randomAlphanumericString(TC_AddNewCustomerTest_002.java:48)
at com.inetbanking.testcases.TC_AddNewCustomerTest_002.randomAlphanumericString(TC_AddNewCustomerTest_002.java:48)
at com.inetbanking.testcases.TC_AddNewCustomerTest_002.randomAlphanumericString(TC_AddNewCustomerTest_002.java:48)
at com.inetbanking.testcases.TC_AddNewCustomerTest_002.randomAlphanumericString(TC_AddNewCustomerTest_002.java:48)
at com.inetbanking.testcases.TC_AddNewCustomerTest_002.randomAlphanumericString(TC_AddNewCustomerTest_002.java:48)
at com.inetbanking.testcases.TC_AddNewCustomerTest_002.randomAlphanumericString(TC_AddNewCustomerTest_002.java:48)
at com.inetbanking.testcases.TC_AddNewCustomerTest_002.randomAlphanumericString(TC_AddNewCustomerTest_002.java:48)
at com.inetbanking.testcases.TC_AddNewCustomerTest_002.randomAlphanumericString(TC_AddNewCustomerTest_002.java:48)
at com.inetbanking.testcases.TC_AddNewCustomerTest_002.randomAlphanumericString(TC_AddNewCustomerTest_002.java:48)
at com.inetbanking.testcases.TC_AddNewCustomerTest_002.randomAlphanumericString(TC_AddNewCustomerTest_002.java:48)
at com.inetbanking.testcases.TC_AddNewCustomerTest_002.randomAlphanumericString(TC_AddNewCustomerTest_002.java:48)
at com.inetbanking.testcases.TC_AddNewCustomerTest_002.randomAlphanumericString(TC_AddNewCustomerTest_002.java:48)
at com.inetbanking.testcases.TC_AddNewCustomerTest_002.randomAlphanumericString(TC_AddNewCustomerTest_002.java:48)
at com.inetbanking.testcases.TC_AddNewCustomerTest_002.randomAlphanumericString(TC_AddNewCustomerTest_002.java:48)
at com.inetbanking.testcases.TC_AddNewCustomerTest_002.randomAlphanumericString(TC_AddNewCustomerTest_002.java:48)
at com.inetbanking.testcases.TC_AddNewCustomerTest_002.randomAlphanumericString(TC_AddNewCustomerTest_002.java:48)
at com.inetbanking.testcases.TC_AddNewCustomerTest_002.randomAlphanumericString(TC_AddNewCustomerTest_002.java:48)
at com.inetbanking.testcases.TC_AddNewCustomerTest_002.randomAlphanumericString(TC_AddNewCustomerTest_002.java:48)
at com.inetbanking.testcases.TC_AddNewCustomerTest_002.randomAlphanumericString(TC_AddNewCustomerTest_002.java:48)
at com.inetbanking.testcases.TC_AddNewCustomerTest_002.randomAlphanumericString(TC_AddNewCustomerTest_002.java:48)
at com.inetbanking.testcases.TC_AddNewCustomerTest_002.randomAlphanumericString(TC_AddNewCustomerTest_002.java:48)
at com.inetbanking.testcases.TC_AddNewCustomerTest_002.randomAlphanumericString(TC_AddNewCustomerTest_002.java:48)
at com.inetbanking.testcases.TC_AddNewCustomerTest_002.randomAlphanumericString(TC_AddNewCustomerTest_002.java:48)
at com.inetbanking.testcases.TC_AddNewCustomerTest_002.randomAlphanumericString(TC_AddNewCustomerTest_002.java:48)
at com.inetbanking.testcases.TC_AddNewCustomerTest_002.randomAlphanumericString(TC_AddNewCustomerTest_002.java:48)
at com.inetbanking.testcases.TC_AddNewCustomerTest_002.randomAlphanumericString(TC_AddNewCustomerTest_002.java:48)
at com.inetbanking.testcases.TC_AddNewCustomerTest_002.randomAlphanumericString(TC_AddNewCustomerTest_002.java:48)
at com.inetbanking.testcases.TC_AddNewCustomerTest_002.randomAlphanumericString(TC_AddNewCustomerTest_002.java:48)
at com.inetbanking.testcases.TC_AddNewCustomerTest_002.randomAlphanumericString(TC_AddNewCustomerTest_002.java:48)
at com.inetbanking.testcases.TC_AddNewCustomerTest_002.randomAlphanumericString(TC_AddNewCustomerTest_002.java:48)
at com.inetbanking.testcases.TC_AddNewCustomerTest_002.randomAlphanumericString(TC_AddNewCustomerTest_002.java:48)
at com.inetbanking.testcases.TC_AddNewCustomerTest_002.randomAlphanumericString(TC_AddNewCustomerTest_002.java:48)
at com.inetbanking.testcases.TC_AddNewCustomerTest_002.randomAlphanumericString(TC_AddNewCustomerTest_002.java:48)
at com.inetbanking.testcases.TC_AddNewCustomerTest_002.randomAlphanumericString(TC_AddNewCustomerTest_002.java:48)
at com.inetbanking.testcases.TC_AddNewCustomerTest_002.randomAlphanumericString(TC_AddNewCustomerTest_002.java:48)
at com.inetbanking.testcases.TC_AddNewCustomerTest_002.randomAlphanumericString(TC_AddNewCustomerTest_002.java:48)
at com.inetbanking.testcases.TC_AddNewCustomerTest_002.randomAlphanumericString(TC_AddNewCustomerTest_002.java:48)
at com.inetbanking.testcases.TC_AddNewCustomerTest_002.randomAlphanumericString(TC_AddNewCustomerTest_002.java:48)
at com.inetbanking.testcases.TC_AddNewCustomerTest_002.randomAlphanumericString(TC_AddNewCustomerTest_002.java:48)
at com.inetbanking.testcases.TC_AddNewCustomerTest_002.randomAlphanumericString(TC_AddNewCustomerTest_002.java:48)
at com.inetbanking.testcases.TC_AddNewCustomerTest_002.randomAlphanumericString(TC_AddNewCustomerTest_002.java:48)
at com.inetbanking.testcases.TC_AddNewCustomerTest_002.randomAlphanumericString(TC_AddNewCustomerTest_002.java:48)
at com.inetbanking.testcases.TC_AddNewCustomerTest_002.randomAlphanumericString(TC_AddNewCustomerTest_002.java:48)
at com.inetbanking.testcases.TC_AddNewCustomerTest_002.randomAlphanumericString(TC_AddNewCustomerTest_002.java:48)
at com.inetbanking.testcases.TC_AddNewCustomerTest_002.randomAlphanumericString(TC_AddNewCustomerTest_002.java:48)
at com.inetbanking.testcases.TC_AddNewCustomerTest_002.randomAlphanumericString(TC_AddNewCustomerTest_002.java:48)
at com.inetbanking.testcases.TC_AddNewCustomerTest_002.randomAlphanumericString(TC_AddNewCustomerTest_002.java:48)
at com.inetbanking.testcases.TC_AddNewCustomerTest_002.randomAlphanumericString(TC_AddNewCustomerTest_002.java:48)
at com.inetbanking.testcases.TC_AddNewCustomerTest_002.randomAlphanumericString(TC_AddNewCustomerTest_002.java:48)
at com.inetbanking.testcases.TC_AddNewCustomerTest_002.randomAlphanumericString(TC_AddNewCustomerTest_002.java:48)
at com.inetbanking.testcases.TC_AddNewCustomerTest_002.randomAlphanumericString(TC_AddNewCustomerTest_002.java:48)
at com.inetbanking.testcases.TC_AddNewCustomerTest_002.randomAlphanumericString(TC_AddNewCustomerTest_002.java:48)
at com.inetbanking.testcases.TC_AddNewCustomerTest_002.randomAlphanumericString(TC_AddNewCustomerTest_002.java:48)
at com.inetbanking.testcases.TC_AddNewCustomerTest_002.randomAlphanumericString(TC_AddNewCustomerTest_002.java:48)
at com.inetbanking.testcases.TC_AddNewCustomerTest_002.randomAlphanumericString(TC_AddNewCustomerTest_002.java:48)
at com.inetbanking.testcases.TC_AddNewCustomerTest_002.randomAlphanumericString(TC_AddNewCustomerTest_002.java:48)
at com.inetbanking.testcases.TC_AddNewCustomerTest_002.randomAlphanumericString(TC_AddNewCustomerTest_002.java:48)
at com.inetbanking.testcases.TC_AddNewCustomerTest_002.randomAlphanumericString(TC_AddNewCustomerTest_002.java:48)
at com.inetbanking.testcases.TC_AddNewCustomerTest_002.randomAlphanumericString(TC_AddNewCustomerTest_002.java:48)
at com.inetbanking.testcases.TC_AddNewCustomerTest_002.randomAlphanumericString(TC_AddNewCustomerTest_002.java:48)
at com.inetbanking.testcases.TC_AddNewCustomerTest_002.randomAlphanumericString(TC_AddNewCustomerTest_002.java:48)
at com.inetbanking.testcases.TC_AddNewCustomerTest_002.randomAlphanumericString(TC_AddNewCustomerTest_002.java:48)
at com.inetbanking.testcases.TC_AddNewCustomerTest_002.randomAlphanumericString(TC_AddNewCustomerTest_002.java:48)
at com.inetbanking.testcases.TC_AddNewCustomerTest_002.randomAlphanumericString(TC_AddNewCustomerTest_002.java:48)
at com.inetbanking.testcases.TC_AddNewCustomerTest_002.randomAlphanumericString(TC_AddNewCustomerTest_002.java:48)
at com.inetbanking.testcases.TC_AddNewCustomerTest_002.randomAlphanumericString(TC_AddNewCustomerTest_002.java:48)
at com.inetbanking.testcases.TC_AddNewCustomerTest_002.randomAlphanumericString(TC_AddNewCustomerTest_002.java:48)
at com.inetbanking.testcases.TC_AddNewCustomerTest_002.randomAlphanumericString(TC_AddNewCustomerTest_002.java:48)
at com.inetbanking.testcases.TC_AddNewCustomerTest_002.randomAlphanumericString(TC_AddNewCustomerTest_002.java:48)
at com.inetbanking.testcases.TC_AddNewCustomerTest_002.randomAlphanumericString(TC_AddNewCustomerTest_002.java:48)
at com.inetbanking.testcases.TC_AddNewCustomerTest_002.randomAlphanumericString(TC_AddNewCustomerTest_002.java:48)
at com.inetbanking.testcases.TC_AddNewCustomerTest_002.randomAlphanumericString(TC_AddNewCustomerTest_002.java:48)
at com.inetbanking.testcases.TC_AddNewCustomerTest_002.randomAlphanumericString(TC_AddNewCustomerTest_002.java:48)
at com.inetbanking.testcases.TC_AddNewCustomerTest_002.randomAlphanumericString(TC_AddNewCustomerTest_002.java:48)
at com.inetbanking.testcases.TC_AddNewCustomerTest_002.randomAlphanumericString(TC_AddNewCustomerTest_002.java:48)
at com.inetbanking.testcases.TC_AddNewCustomerTest_002.randomAlphanumericString(TC_AddNewCustomerTest_002.java:48)
at com.inetbanking.testcases.TC_AddNewCustomerTest_002.randomAlphanumericString(TC_AddNewCustomerTest_002.java:48)
at com.inetbanking.testcases.TC_AddNewCustomerTest_002.randomAlphanumericString(TC_AddNewCustomerTest_002.java:48)
at com.inetbanking.testcases.TC_AddNewCustomerTest_002.randomAlphanumericString(TC_AddNewCustomerTest_002.java:48)
at com.inetbanking.testcases.TC_AddNewCustomerTest_002.randomAlphanumericString(TC_AddNewCustomerTest_002.java:48)
at com.inetbanking.testcases.TC_AddNewCustomerTest_002.randomAlphanumericString(TC_AddNewCustomerTest_002.java:48)
at com.inetbanking.testcases.TC_AddNewCustomerTest_002.randomAlphanumericString(TC_AddNewCustomerTest_002.java:48)
at com.inetbanking.testcases.TC_AddNewCustomerTest_002.randomAlphanumericString(TC_AddNewCustomerTest_002.java:48)
at com.inetbanking.testcases.TC_AddNewCustomerTest_002.randomAlphanumericString(TC_AddNewCustomerTest_002.java:48)
at com.inetbanking.testcases.TC_AddNewCustomerTest_002.randomAlphanumericString(TC_AddNewCustomerTest_002.java:48)
at com.inetbanking.testcases.TC_AddNewCustomerTest_002.randomAlphanumericString(TC_AddNewCustomerTest_002.java:48)
at com.inetbanking.testcases.TC_AddNewCustomerTest_002.randomAlphanumericString(TC_AddNewCustomerTest_002.java:48)
at com.inetbanking.testcases.TC_AddNewCustomerTest_002.randomAlphanumericString(TC_AddNewCustomerTest_002.java:48)
at com.inetbanking.testcases.TC_AddNewCustomerTest_002.randomAlphanumericString(TC_AddNewCustomerTest_002.java:48)
at com.inetbanking.testcases.TC_AddNewCustomerTest_002.randomAlphanumericString(TC_AddNewCustomerTest_002.java:48)
at com.inetbanking.testcases.TC_AddNewCustomerTest_002.randomAlphanumericString(TC_AddNewCustomerTest_002.java:48)
at com.inetbanking.testcases.TC_AddNewCustomerTest_002.randomAlphanumericString(TC_AddNewCustomerTest_002.java:48)
at com.inetbanking.testcases.TC_AddNewCustomerTest_002.randomAlphanumericString(TC_AddNewCustomerTest_002.java:48)
at com.inetbanking.testcases.TC_AddNewCustomerTest_002.randomAlphanumericString(TC_AddNewCustomerTest_002.java:48)
at com.inetbanking.testcases.TC_AddNewCustomerTest_002.randomAlphanumericString(TC_AddNewCustomerTest_002.java:48)
at com.inetbanking.testcases.TC_AddNewCustomerTest_002.randomAlphanumericString(TC_AddNewCustomerTest_002.java:48)
at com.inetbanking.testcases.TC_AddNewCustomerTest_002.randomAlphanumericString(TC_AddNewCustomerTest_002.java:48)
at com.inetbanking.testcases.TC_AddNewCustomerTest_002.randomAlphanumericString(TC_AddNewCustomerTest_002.java:48)
at com.inetbanking.testcases.TC_AddNewCustomerTest_002.randomAlphanumericString(TC_AddNewCustomerTest_002.java:48)
at com.inetbanking.testcases.TC_AddNewCustomerTest_002.randomAlphanumericString(TC_AddNewCustomerTest_002.java:48)
at com.inetbanking.testcases.TC_AddNewCustomerTest_002.randomAlphanumericString(TC_AddNewCustomerTest_002.java:48)
at com.inetbanking.testcases.TC_AddNewCustomerTest_002.randomAlphanumericString(TC_AddNewCustomerTest_002.java:48)
at com.inetbanking.testcases.TC_AddNewCustomerTest_002.randomAlphanumericString(TC_AddNewCustomerTest_002.java:48)
at com.inetbanking.testcases.TC_AddNewCustomerTest_002.randomAlphanumericString(TC_AddNewCustomerTest_002.java:48)
at com.inetbanking.testcases.TC_AddNewCustomerTest_002.randomAlphanumericString(TC_AddNewCustomerTest_002.java:48)
at com.inetbanking.testcases.TC_AddNewCustomerTest_002.randomAlphanumericString(TC_AddNewCustomerTest_002.java:48)
at com.inetbanking.testcases.TC_AddNewCustomerTest_002.randomAlphanumericString(TC_AddNewCustomerTest_002.java:48)
at com.inetbanking.testcases.TC_AddNewCustomerTest_002.randomAlphanumericString(TC_AddNewCustomerTest_002.java:48)
at com.inetbanking.testcases.TC_AddNewCustomerTest_002.randomAlphanumericString(TC_AddNewCustomerTest_002.java:48)
at com.inetbanking.testcases.TC_AddNewCustomerTest_002.randomAlphanumericString(TC_AddNewCustomerTest_002.java:48)
at com.inetbanking.testcases.TC_AddNewCustomerTest_002.randomAlphanumericString(TC_AddNewCustomerTest_002.java:48)
at com.inetbanking.testcases.TC_AddNewCustomerTest_002.randomAlphanumericString(TC_AddNewCustomerTest_002.java:48)
at com.inetbanking.testcases.TC_AddNewCustomerTest_002.randomAlphanumericString(TC_AddNewCustomerTest_002.java:48)
at com.inetbanking.testcases.TC_AddNewCustomerTest_002.randomAlphanumericString(TC_AddNewCustomerTest_002.java:48)
at com.inetbanking.testcases.TC_AddNewCustomerTest_002.randomAlphanumericString(TC_AddNewCustomerTest_002.java:48)
at com.inetbanking.testcases.TC_AddNewCustomerTest_002.randomAlphanumericString(TC_AddNewCustomerTest_002.java:48)
at com.inetbanking.testcases.TC_AddNewCustomerTest_002.randomAlphanumericString(TC_AddNewCustomerTest_002.java:48)
at com.inetbanking.testcases.TC_AddNewCustomerTest_002.randomAlphanumericString(TC_AddNewCustomerTest_002.java:48)
at com.inetbanking.testcases.TC_AddNewCustomerTest_002.randomAlphanumericString(TC_AddNewCustomerTest_002.java:48)
at com.inetbanking.testcases.TC_AddNewCustomerTest_002.randomAlphanumericString(TC_AddNewCustomerTest_002.java:48)
at com.inetbanking.testcases.TC_AddNewCustomerTest_002.randomAlphanumericString(TC_AddNewCustomerTest_002.java:48)
at com.inetbanking.testcases.TC_AddNewCustomerTest_002.randomAlphanumericString(TC_AddNewCustomerTest_002.java:48)
at com.inetbanking.testcases.TC_AddNewCustomerTest_002.randomAlphanumericString(TC_AddNewCustomerTest_002.java:48)
at com.inetbanking.testcases.TC_AddNewCustomerTest_002.randomAlphanumericString(TC_AddNewCustomerTest_002.java:48)
at com.inetbanking.testcases.TC_AddNewCustomerTest_002.randomAlphanumericString(TC_AddNewCustomerTest_002.java:48)
at com.inetbanking.testcases.TC_AddNewCustomerTest_002.randomAlphanumericString(TC_AddNewCustomerTest_002.java:48)
at com.inetbanking.testcases.TC_AddNewCustomerTest_002.randomAlphanumericString(TC_AddNewCustomerTest_002.java:48)
at com.inetbanking.testcases.TC_AddNewCustomerTest_002.randomAlphanumericString(TC_AddNewCustomerTest_002.java:48)
at com.inetbanking.testcases.TC_AddNewCustomerTest_002.randomAlphanumericString(TC_AddNewCustomerTest_002.java:48)
at com.inetbanking.testcases.TC_AddNewCustomerTest_002.randomAlphanumericString(TC_AddNewCustomerTest_002.java:48)
at com.inetbanking.testcases.TC_AddNewCustomerTest_002.randomAlphanumericString(TC_AddNewCustomerTest_002.java:48)
at com.inetbanking.testcases.TC_AddNewCustomerTest_002.randomAlphanumericString(TC_AddNewCustomerTest_002.java:48)
at com.inetbanking.testcases.TC_AddNewCustomerTest_002.randomAlphanumericString(TC_AddNewCustomerTest_002.java:48)
at com.inetbanking.testcases.TC_AddNewCustomerTest_002.randomAlphanumericString(TC_AddNewCustomerTest_002.java:48)
at com.inetbanking.testcases.TC_AddNewCustomerTest_002.randomAlphanumericString(TC_AddNewCustomerTest_002.java:48)
at com.inetbanking.testcases.TC_AddNewCustomerTest_002.randomAlphanumericString(TC_AddNewCustomerTest_002.java:48)
at com.inetbanking.testcases.TC_AddNewCustomerTest_002.randomAlphanumericString(TC_AddNewCustomerTest_002.java:48)
at com.inetbanking.testcases.TC_AddNewCustomerTest_002.randomAlphanumericString(TC_AddNewCustomerTest_002.java:48)
at com.inetbanking.testcases.TC_AddNewCustomerTest_002.randomAlphanumericString(TC_AddNewCustomerTest_002.java:48)
at com.inetbanking.testcases.TC_AddNewCustomerTest_002.randomAlphanumericString(TC_AddNewCustomerTest_002.java:48)
at com.inetbanking.testcases.TC_AddNewCustomerTest_002.randomAlphanumericString(TC_AddNewCustomerTest_002.java:48)
at com.inetbanking.testcases.TC_AddNewCustomerTest_002.randomAlphanumericString(TC_AddNewCustomerTest_002.java:48)
at com.inetbanking.testcases.TC_AddNewCustomerTest_002.randomAlphanumericString(TC_AddNewCustomerTest_002.java:48)
at com.inetbanking.testcases.TC_AddNewCustomerTest_002.randomAlphanumericString(TC_AddNewCustomerTest_002.java:48)
at com.inetbanking.testcases.TC_AddNewCustomerTest_002.randomAlphanumericString(TC_AddNewCustomerTest_002.java:48)
at com.inetbanking.testcases.TC_AddNewCustomerTest_002.randomAlphanumericString(TC_AddNewCustomerTest_002.java:48)
at com.inetbanking.testcases.TC_AddNewCustomerTest_002.randomAlphanumericString(TC_AddNewCustomerTest_002.java:48)
at com.inetbanking.testcases.TC_AddNewCustomerTest_002.randomAlphanumericString(TC_AddNewCustomerTest_002.java:48)
at com.inetbanking.testcases.TC_AddNewCustomerTest_002.randomAlphanumericString(TC_AddNewCustomerTest_002.java:48)
at com.inetbanking.testcases.TC_AddNewCustomerTest_002.randomAlphanumericString(TC_AddNewCustomerTest_002.java:48)
at com.inetbanking.testcases.TC_AddNewCustomerTest_002.randomAlphanumericString(TC_AddNewCustomerTest_002.java:48)
at com.inetbanking.testcases.TC_AddNewCustomerTest_002.randomAlphanumericString(TC_AddNewCustomerTest_002.java:48)
at com.inetbanking.testcases.TC_AddNewCustomerTest_002.randomAlphanumericString(TC_AddNewCustomerTest_002.java:48)
at com.inetbanking.testcases.TC_AddNewCustomerTest_002.randomAlphanumericString(TC_AddNewCustomerTest_002.java:48)
at com.inetbanking.testcases.TC_AddNewCustomerTest_002.randomAlphanumericString(TC_AddNewCustomerTest_002.java:48)
at com.inetbanking.testcases.TC_AddNewCustomerTest_002.randomAlphanumericString(TC_AddNewCustomerTest_002.java:48)
at com.inetbanking.testcases.TC_AddNewCustomerTest_002.randomAlphanumericString(TC_AddNewCustomerTest_002.java:48)
at com.inetbanking.testcases.TC_AddNewCustomerTest_002.randomAlphanumericString(TC_AddNewCustomerTest_002.java:48)
at com.inetbanking.testcases.TC_AddNewCustomerTest_002.randomAlphanumericString(TC_AddNewCustomerTest_002.java:48)
at com.inetbanking.testcases.TC_AddNewCustomerTest_002.randomAlphanumericString(TC_AddNewCustomerTest_002.java:48)
at com.inetbanking.testcases.TC_AddNewCustomerTest_002.randomAlphanumericString(TC_AddNewCustomerTest_002.java:48)
at com.inetbanking.testcases.TC_AddNewCustomerTest_002.randomAlphanumericString(TC_AddNewCustomerTest_002.java:48)
at com.inetbanking.testcases.TC_AddNewCustomerTest_002.randomAlphanumericString(TC_AddNewCustomerTest_002.java:48)
at com.inetbanking.testcases.TC_AddNewCustomerTest_002.randomAlphanumericString(TC_AddNewCustomerTest_002.java:48)
at com.inetbanking.testcases.TC_AddNewCustomerTest_002.randomAlphanumericString(TC_AddNewCustomerTest_002.java:48)
at com.inetbanking.testcases.TC_AddNewCustomerTest_002.randomAlphanumericString(TC_AddNewCustomerTest_002.java:48)
at com.inetbanking.testcases.TC_AddNewCustomerTest_002.randomAlphanumericString(TC_AddNewCustomerTest_002.java:48)
at com.inetbanking.testcases.TC_AddNewCustomerTest_002.randomAlphanumericString(TC_AddNewCustomerTest_002.java:48)
at com.inetbanking.testcases.TC_AddNewCustomerTest_002.randomAlphanumericString(TC_AddNewCustomerTest_002.java:48)
at com.inetbanking.testcases.TC_AddNewCustomerTest_002.randomAlphanumericString(TC_AddNewCustomerTest_002.java:48)
at com.inetbanking.testcases.TC_AddNewCustomerTest_002.randomAlphanumericString(TC_AddNewCustomerTest_002.java:48)
at com.inetbanking.testcases.TC_AddNewCustomerTest_002.randomAlphanumericString(TC_AddNewCustomerTest_002.java:48)
at com.inetbanking.testcases.TC_AddNewCustomerTest_002.randomAlphanumericString(TC_AddNewCustomerTest_002.java:48)
at com.inetbanking.testcases.TC_AddNewCustomerTest_002.randomAlphanumericString(TC_AddNewCustomerTest_002.java:48)
at com.inetbanking.testcases.TC_AddNewCustomerTest_002.randomAlphanumericString(TC_AddNewCustomerTest_002.java:48)
at com.inetbanking.testcases.TC_AddNewCustomerTest_002.randomAlphanumericString(TC_AddNewCustomerTest_002.java:48)
at com.inetbanking.testcases.TC_AddNewCustomerTest_002.randomAlphanumericString(TC_AddNewCustomerTest_002.java:48)
at com.inetbanking.testcases.TC_AddNewCustomerTest_002.randomAlphanumericString(TC_AddNewCustomerTest_002.java:48)
at com.inetbanking.testcases.TC_AddNewCustomerTest_002.randomAlphanumericString(TC_AddNewCustomerTest_002.java:48)
at com.inetbanking.testcases.TC_AddNewCustomerTest_002.randomAlphanumericString(TC_AddNewCustomerTest_002.java:48)
at com.inetbanking.testcases.TC_AddNewCustomerTest_002.randomAlphanumericString(TC_AddNewCustomerTest_002.java:48)
at com.inetbanking.testcases.TC_AddNewCustomerTest_002.randomAlphanumericString(TC_AddNewCustomerTest_002.java:48)
at com.inetbanking.testcases.TC_AddNewCustomerTest_002.randomAlphanumericString(TC_AddNewCustomerTest_002.java:48)
at com.inetbanking.testcases.TC_AddNewCustomerTest_002.randomAlphanumericString(TC_AddNewCustomerTest_002.java:48)
at com.inetbanking.testcases.TC_AddNewCustomerTest_002.randomAlphanumericString(TC_AddNewCustomerTest_002.java:48)
at com.inetbanking.testcases.TC_AddNewCustomerTest_002.randomAlphanumericString(TC_AddNewCustomerTest_002.java:48)
at com.inetbanking.testcases.TC_AddNewCustomerTest_002.randomAlphanumericString(TC_AddNewCustomerTest_002.java:48)
at com.inetbanking.testcases.TC_AddNewCustomerTest_002.randomAlphanumericString(TC_AddNewCustomerTest_002.java:48)
at com.inetbanking.testcases.TC_AddNewCustomerTest_002.randomAlphanumericString(TC_AddNewCustomerTest_002.java:48)
at com.inetbanking.testcases.TC_AddNewCustomerTest_002.randomAlphanumericString(TC_AddNewCustomerTest_002.java:48)
at com.inetbanking.testcases.TC_AddNewCustomerTest_002.randomAlphanumericString(TC_AddNewCustomerTest_002.java:48)
at com.inetbanking.testcases.TC_AddNewCustomerTest_002.randomAlphanumericString(TC_AddNewCustomerTest_002.java:48)
at com.inetbanking.testcases.TC_AddNewCustomerTest_002.randomAlphanumericString(TC_AddNewCustomerTest_002.java:48)
at com.inetbanking.testcases.TC_AddNewCustomerTest_002.randomAlphanumericString(TC_AddNewCustomerTest_002.java:48)
at com.inetbanking.testcases.TC_AddNewCustomerTest_002.randomAlphanumericString(TC_AddNewCustomerTest_002.java:48)
at com.inetbanking.testcases.TC_AddNewCustomerTest_002.randomAlphanumericString(TC_AddNewCustomerTest_002.java:48)
at com.inetbanking.testcases.TC_AddNewCustomerTest_002.randomAlphanumericString(TC_AddNewCustomerTest_002.java:48)
at com.inetbanking.testcases.TC_AddNewCustomerTest_002.randomAlphanumericString(TC_AddNewCustomerTest_002.java:48)
at com.inetbanking.testcases.TC_AddNewCustomerTest_002.randomAlphanumericString(TC_AddNewCustomerTest_002.java:48)
at com.inetbanking.testcases.TC_AddNewCustomerTest_002.randomAlphanumericString(TC_AddNewCustomerTest_002.java:48)
at com.inetbanking.testcases.TC_AddNewCustomerTest_002.randomAlphanumericString(TC_AddNewCustomerTest_002.java:48)
at com.inetbanking.testcases.TC_AddNewCustomerTest_002.randomAlphanumericString(TC_AddNewCustomerTest_002.java:48)
at com.inetbanking.testcases.TC_AddNewCustomerTest_002.randomAlphanumericString(TC_AddNewCustomerTest_002.java:48)
at com.inetbanking.testcases.TC_AddNewCustomerTest_002.randomAlphanumericString(TC_AddNewCustomerTest_002.java:48)
at com.inetbanking.testcases.TC_AddNewCustomerTest_002.randomAlphanumericString(TC_AddNewCustomerTest_002.java:48)
at com.inetbanking.testcases.TC_AddNewCustomerTest_002.randomAlphanumericString(TC_AddNewCustomerTest_002.java:48)
at com.inetbanking.testcases.TC_AddNewCustomerTest_002.randomAlphanumericString(TC_AddNewCustomerTest_002.java:48)
at com.inetbanking.testcases.TC_AddNewCustomerTest_002.randomAlphanumericString(TC_AddNewCustomerTest_002.java:48)
at com.inetbanking.testcases.TC_AddNewCustomerTest_002.randomAlphanumericString(TC_AddNewCustomerTest_002.java:48)
at com.inetbanking.testcases.TC_AddNewCustomerTest_002.randomAlphanumericString(TC_AddNewCustomerTest_002.java:48)
at com.inetbanking.testcases.TC_AddNewCustomerTest_002.randomAlphanumericString(TC_AddNewCustomerTest_002.java:48)
at com.inetbanking.testcases.TC_AddNewCustomerTest_002.randomAlphanumericString(TC_AddNewCustomerTest_002.java:48)
at com.inetbanking.testcases.TC_AddNewCustomerTest_002.randomAlphanumericString(TC_AddNewCustomerTest_002.java:48)
at com.inetbanking.testcases.TC_AddNewCustomerTest_002.randomAlphanumericString(TC_AddNewCustomerTest_002.java:48)
at com.inetbanking.testcases.TC_AddNewCustomerTest_002.randomAlphanumericString(TC_AddNewCustomerTest_002.java:48)
at com.inetbanking.testcases.TC_AddNewCustomerTest_002.randomAlphanumericString(TC_AddNewCustomerTest_002.java:48)
at com.inetbanking.testcases.TC_AddNewCustomerTest_002.randomAlphanumericString(TC_AddNewCustomerTest_002.java:48)
at com.inetbanking.testcases.TC_AddNewCustomerTest_002.randomAlphanumericString(TC_AddNewCustomerTest_002.java:48)
at com.inetbanking.testcases.TC_AddNewCustomerTest_002.randomAlphanumericString(TC_AddNewCustomerTest_002.java:48)
at com.inetbanking.testcases.TC_AddNewCustomerTest_002.randomAlphanumericString(TC_AddNewCustomerTest_002.java:48)
at com.inetbanking.testcases.TC_AddNewCustomerTest_002.randomAlphanumericString(TC_AddNewCustomerTest_002.java:48)
at com.inetbanking.testcases.TC_AddNewCustomerTest_002.randomAlphanumericString(TC_AddNewCustomerTest_002.java:48)
at com.inetbanking.testcases.TC_AddNewCustomerTest_002.randomAlphanumericString(TC_AddNewCustomerTest_002.java:48)
at com.inetbanking.testcases.TC_AddNewCustomerTest_002.randomAlphanumericString(TC_AddNewCustomerTest_002.java:48)
at com.inetbanking.testcases.TC_AddNewCustomerTest_002.randomAlphanumericString(TC_AddNewCustomerTest_002.java:48)
at com.inetbanking.testcases.TC_AddNewCustomerTest_002.randomAlphanumericString(TC_AddNewCustomerTest_002.java:48)
at com.inetbanking.testcases.TC_AddNewCustomerTest_002.randomAlphanumericString(TC_AddNewCustomerTest_002.java:48)
at com.inetbanking.testcases.TC_AddNewCustomerTest_002.randomAlphanumericString(TC_AddNewCustomerTest_002.java:48)
at com.inetbanking.testcases.TC_AddNewCustomerTest_002.randomAlphanumericString(TC_AddNewCustomerTest_002.java:48)
at com.inetbanking.testcases.TC_AddNewCustomerTest_002.randomAlphanumericString(TC_AddNewCustomerTest_002.java:48)
at com.inetbanking.testcases.TC_AddNewCustomerTest_002.randomAlphanumericString(TC_AddNewCustomerTest_002.java:48)
at com.inetbanking.testcases.TC_AddNewCustomerTest_002.randomAlphanumericString(TC_AddNewCustomerTest_002.java:48)
at com.inetbanking.testcases.TC_AddNewCustomerTest_002.randomAlphanumericString(TC_AddNewCustomerTest_002.java:48)
at com.inetbanking.testcases.TC_AddNewCustomerTest_002.randomAlphanumericString(TC_AddNewCustomerTest_002.java:48)
at com.inetbanking.testcases.TC_AddNewCustomerTest_002.randomAlphanumericString(TC_AddNewCustomerTest_002.java:48)
at com.inetbanking.testcases.TC_AddNewCustomerTest_002.randomAlphanumericString(TC_AddNewCustomerTest_002.java:48)
at com.inetbanking.testcases.TC_AddNewCustomerTest_002.randomAlphanumericString(TC_AddNewCustomerTest_002.java:48)
at com.inetbanking.testcases.TC_AddNewCustomerTest_002.randomAlphanumericString(TC_AddNewCustomerTest_002.java:48)
at com.inetbanking.testcases.TC_AddNewCustomerTest_002.randomAlphanumericString(TC_AddNewCustomerTest_002.java:48)
at com.inetbanking.testcases.TC_AddNewCustomerTest_002.randomAlphanumericString(TC_AddNewCustomerTest_002.java:48)
at com.inetbanking.testcases.TC_AddNewCustomerTest_002.randomAlphanumericString(TC_AddNewCustomerTest_002.java:48)
at com.inetbanking.testcases.TC_AddNewCustomerTest_002.randomAlphanumericString(TC_AddNewCustomerTest_002.java:48)
at com.inetbanking.testcases.TC_AddNewCustomerTest_002.randomAlphanumericString(TC_AddNewCustomerTest_002.java:48)
at com.inetbanking.testcases.TC_AddNewCustomerTest_002.randomAlphanumericString(TC_AddNewCustomerTest_002.java:48)
at com.inetbanking.testcases.TC_AddNewCustomerTest_002.randomAlphanumericString(TC_AddNewCustomerTest_002.java:48)
at com.inetbanking.testcases.TC_AddNewCustomerTest_002.randomAlphanumericString(TC_AddNewCustomerTest_002.java:48)
at com.inetbanking.testcases.TC_AddNewCustomerTest_002.randomAlphanumericString(TC_AddNewCustomerTest_002.java:48)
at com.inetbanking.testcases.TC_AddNewCustomerTest_002.randomAlphanumericString(TC_AddNewCustomerTest_002.java:48)
at com.inetbanking.testcases.TC_AddNewCustomerTest_002.randomAlphanumericString(TC_AddNewCustomerTest_002.java:48)
at com.inetbanking.testcases.TC_AddNewCustomerTest_002.randomAlphanumericString(TC_AddNewCustomerTest_002.java:48)
at com.inetbanking.testcases.TC_AddNewCustomerTest_002.randomAlphanumericString(TC_AddNewCustomerTest_002.java:48)
at com.inetbanking.testcases.TC_AddNewCustomerTest_002.randomAlphanumericString(TC_AddNewCustomerTest_002.java:48)
at com.inetbanking.testcases.TC_AddNewCustomerTest_002.randomAlphanumericString(TC_AddNewCustomerTest_002.java:48)
at com.inetbanking.testcases.TC_AddNewCustomerTest_002.randomAlphanumericString(TC_AddNewCustomerTest_002.java:48)
at com.inetbanking.testcases.TC_AddNewCustomerTest_002.randomAlphanumericString(TC_AddNewCustomerTest_002.java:48)
at com.inetbanking.testcases.TC_AddNewCustomerTest_002.randomAlphanumericString(TC_AddNewCustomerTest_002.java:48)
at com.inetbanking.testcases.TC_AddNewCustomerTest_002.randomAlphanumericString(TC_AddNewCustomerTest_002.java:48)
at com.inetbanking.testcases.TC_AddNewCustomerTest_002.randomAlphanumericString(TC_AddNewCustomerTest_002.java:48)
at com.inetbanking.testcases.TC_AddNewCustomerTest_002.randomAlphanumericString(TC_AddNewCustomerTest_002.java:48)
at com.inetbanking.testcases.TC_AddNewCustomerTest_002.randomAlphanumericString(TC_AddNewCustomerTest_002.java:48)
at com.inetbanking.testcases.TC_AddNewCustomerTest_002.randomAlphanumericString(TC_AddNewCustomerTest_002.java:48)
at com.inetbanking.testcases.TC_AddNewCustomerTest_002.randomAlphanumericString(TC_AddNewCustomerTest_002.java:48)
at com.inetbanking.testcases.TC_AddNewCustomerTest_002.randomAlphanumericString(TC_AddNewCustomerTest_002.java:48)
at com.inetbanking.testcases.TC_AddNewCustomerTest_002.randomAlphanumericString(TC_AddNewCustomerTest_002.java:48)
at com.inetbanking.testcases.TC_AddNewCustomerTest_002.randomAlphanumericString(TC_AddNewCustomerTest_002.java:48)
at com.inetbanking.testcases.TC_AddNewCustomerTest_002.randomAlphanumericString(TC_AddNewCustomerTest_002.java:48)
at com.inetbanking.testcases.TC_AddNewCustomerTest_002.randomAlphanumericString(TC_AddNewCustomerTest_002.java:48)
at com.inetbanking.testcases.TC_AddNewCustomerTest_002.randomAlphanumericString(TC_AddNewCustomerTest_002.java:48)
at com.inetbanking.testcases.TC_AddNewCustomerTest_002.randomAlphanumericString(TC_AddNewCustomerTest_002.java:48)
at com.inetbanking.testcases.TC_AddNewCustomerTest_002.randomAlphanumericString(TC_AddNewCustomerTest_002.java:48)
at com.inetbanking.testcases.TC_AddNewCustomerTest_002.randomAlphanumericString(TC_AddNewCustomerTest_002.java:48)
at com.inetbanking.testcases.TC_AddNewCustomerTest_002.randomAlphanumericString(TC_AddNewCustomerTest_002.java:48)
at com.inetbanking.testcases.TC_AddNewCustomerTest_002.randomAlphanumericString(TC_AddNewCustomerTest_002.java:48)
at com.inetbanking.testcases.TC_AddNewCustomerTest_002.randomAlphanumericString(TC_AddNewCustomerTest_002.java:48)
at com.inetbanking.testcases.TC_AddNewCustomerTest_002.randomAlphanumericString(TC_AddNewCustomerTest_002.java:48)
at com.inetbanking.testcases.TC_AddNewCustomerTest_002.randomAlphanumericString(TC_AddNewCustomerTest_002.java:48)
at com.inetbanking.testcases.TC_AddNewCustomerTest_002.randomAlphanumericString(TC_AddNewCustomerTest_002.java:48)
at com.inetbanking.testcases.TC_AddNewCustomerTest_002.randomAlphanumericString(TC_AddNewCustomerTest_002.java:48)
at com.inetbanking.testcases.TC_AddNewCustomerTest_002.randomAlphanumericString(TC_AddNewCustomerTest_002.java:48)
at com.inetbanking.testcases.TC_AddNewCustomerTest_002.randomAlphanumericString(TC_AddNewCustomerTest_002.java:48)
at com.inetbanking.testcases.TC_AddNewCustomerTest_002.randomAlphanumericString(TC_AddNewCustomerTest_002.java:48)
at com.inetbanking.testcases.TC_AddNewCustomerTest_002.randomAlphanumericString(TC_AddNewCustomerTest_002.java:48)
at com.inetbanking.testcases.TC_AddNewCustomerTest_002.randomAlphanumericString(TC_AddNewCustomerTest_002.java:48)
at com.inetbanking.testcases.TC_AddNewCustomerTest_002.randomAlphanumericString(TC_AddNewCustomerTest_002.java:48)
at com.inetbanking.testcases.TC_AddNewCustomerTest_002.randomAlphanumericString(TC_AddNewCustomerTest_002.java:48)
at com.inetbanking.testcases.TC_AddNewCustomerTest_002.randomAlphanumericString(TC_AddNewCustomerTest_002.java:48)
at com.inetbanking.testcases.TC_AddNewCustomerTest_002.randomAlphanumericString(TC_AddNewCustomerTest_002.java:48)
at com.inetbanking.testcases.TC_AddNewCustomerTest_002.randomAlphanumericString(TC_AddNewCustomerTest_002.java:48)
at com.inetbanking.testcases.TC_AddNewCustomerTest_002.randomAlphanumericString(TC_AddNewCustomerTest_002.java:48)
at com.inetbanking.testcases.TC_AddNewCustomerTest_002.randomAlphanumericString(TC_AddNewCustomerTest_002.java:48)
at com.inetbanking.testcases.TC_AddNewCustomerTest_002.randomAlphanumericString(TC_AddNewCustomerTest_002.java:48)
at com.inetbanking.testcases.TC_AddNewCustomerTest_002.randomAlphanumericString(TC_AddNewCustomerTest_002.java:48)
at com.inetbanking.testcases.TC_AddNewCustomerTest_002.randomAlphanumericString(TC_AddNewCustomerTest_002.java:48)
at com.inetbanking.testcases.TC_AddNewCustomerTest_002.randomAlphanumericString(TC_AddNewCustomerTest_002.java:48)
at com.inetbanking.testcases.TC_AddNewCustomerTest_002.randomAlphanumericString(TC_AddNewCustomerTest_002.java:48)
at com.inetbanking.testcases.TC_AddNewCustomerTest_002.randomAlphanumericString(TC_AddNewCustomerTest_002.java:48)
at com.inetbanking.testcases.TC_AddNewCustomerTest_002.randomAlphanumericString(TC_AddNewCustomerTest_002.java:48)
at com.inetbanking.testcases.TC_AddNewCustomerTest_002.randomAlphanumericString(TC_AddNewCustomerTest_002.java:48)
at com.inetbanking.testcases.TC_AddNewCustomerTest_002.randomAlphanumericString(TC_AddNewCustomerTest_002.java:48)
at com.inetbanking.testcases.TC_AddNewCustomerTest_002.randomAlphanumericString(TC_AddNewCustomerTest_002.java:48)
at com.inetbanking.testcases.TC_AddNewCustomerTest_002.randomAlphanumericString(TC_AddNewCustomerTest_002.java:48)
at com.inetbanking.testcases.TC_AddNewCustomerTest_002.randomAlphanumericString(TC_AddNewCustomerTest_002.java:48)
at com.inetbanking.testcases.TC_AddNewCustomerTest_002.randomAlphanumericString(TC_AddNewCustomerTest_002.java:48)
at com.inetbanking.testcases.TC_AddNewCustomerTest_002.randomAlphanumericString(TC_AddNewCustomerTest_002.java:48)
at com.inetbanking.testcases.TC_AddNewCustomerTest_002.randomAlphanumericString(TC_AddNewCustomerTest_002.java:48)
at com.inetbanking.testcases.TC_AddNewCustomerTest_002.randomAlphanumericString(TC_AddNewCustomerTest_002.java:48)
at com.inetbanking.testcases.TC_AddNewCustomerTest_002.randomAlphanumericString(TC_AddNewCustomerTest_002.java:48)
at com.inetbanking.testcases.TC_AddNewCustomerTest_002.randomAlphanumericString(TC_AddNewCustomerTest_002.java:48)
at com.inetbanking.testcases.TC_AddNewCustomerTest_002.randomAlphanumericString(TC_AddNewCustomerTest_002.java:48)
at com.inetbanking.testcases.TC_AddNewCustomerTest_002.randomAlphanumericString(TC_AddNewCustomerTest_002.java:48)
at com.inetbanking.testcases.TC_AddNewCustomerTest_002.randomAlphanumericString(TC_AddNewCustomerTest_002.java:48)
at com.inetbanking.testcases.TC_AddNewCustomerTest_002.randomAlphanumericString(TC_AddNewCustomerTest_002.java:48)
at com.inetbanking.testcases.TC_AddNewCustomerTest_002.randomAlphanumericString(TC_AddNewCustomerTest_002.java:48)
at com.inetbanking.testcases.TC_AddNewCustomerTest_002.randomAlphanumericString(TC_AddNewCustomerTest_002.java:48)
at com.inetbanking.testcases.TC_AddNewCustomerTest_002.randomAlphanumericString(TC_AddNewCustomerTest_002.java:48)
at com.inetbanking.testcases.TC_AddNewCustomerTest_002.randomAlphanumericString(TC_AddNewCustomerTest_002.java:48)
at com.inetbanking.testcases.TC_AddNewCustomerTest_002.randomAlphanumericString(TC_AddNewCustomerTest_002.java:48)
at com.inetbanking.testcases.TC_AddNewCustomerTest_002.randomAlphanumericString(TC_AddNewCustomerTest_002.java:48)
at com.inetbanking.testcases.TC_AddNewCustomerTest_002.randomAlphanumericString(TC_AddNewCustomerTest_002.java:48)
at com.inetbanking.testcases.TC_AddNewCustomerTest_002.randomAlphanumericString(TC_AddNewCustomerTest_002.java:48)
at com.inetbanking.testcases.TC_AddNewCustomerTest_002.randomAlphanumericString(TC_AddNewCustomerTest_002.java:48)
at com.inetbanking.testcases.TC_AddNewCustomerTest_002.randomAlphanumericString(TC_AddNewCustomerTest_002.java:48)
at com.inetbanking.testcases.TC_AddNewCustomerTest_002.randomAlphanumericString(TC_AddNewCustomerTest_002.java:48)
at com.inetbanking.testcases.TC_AddNewCustomerTest_002.randomAlphanumericString(TC_AddNewCustomerTest_002.java:48)
at com.inetbanking.testcases.TC_AddNewCustomerTest_002.randomAlphanumericString(TC_AddNewCustomerTest_002.java:48)
at com.inetbanking.testcases.TC_AddNewCustomerTest_002.randomAlphanumericString(TC_AddNewCustomerTest_002.java:48)
at com.inetbanking.testcases.TC_AddNewCustomerTest_002.randomAlphanumericString(TC_AddNewCustomerTest_002.java:48)
at com.inetbanking.testcases.TC_AddNewCustomerTest_002.randomAlphanumericString(TC_AddNewCustomerTest_002.java:48)
at com.inetbanking.testcases.TC_AddNewCustomerTest_002.randomAlphanumericString(TC_AddNewCustomerTest_002.java:48)
at com.inetbanking.testcases.TC_AddNewCustomerTest_002.randomAlphanumericString(TC_AddNewCustomerTest_002.java:48)
at com.inetbanking.testcases.TC_AddNewCustomerTest_002.randomAlphanumericString(TC_AddNewCustomerTest_002.java:48)
at com.inetbanking.testcases.TC_AddNewCustomerTest_002.randomAlphanumericString(TC_AddNewCustomerTest_002.java:48)
at com.inetbanking.testcases.TC_AddNewCustomerTest_002.randomAlphanumericString(TC_AddNewCustomerTest_002.java:48)
at com.inetbanking.testcases.TC_AddNewCustomerTest_002.randomAlphanumericString(TC_AddNewCustomerTest_002.java:48)
at com.inetbanking.testcases.TC_AddNewCustomerTest_002.randomAlphanumericString(TC_AddNewCustomerTest_002.java:48)
at com.inetbanking.testcases.TC_AddNewCustomerTest_002.randomAlphanumericString(TC_AddNewCustomerTest_002.java:48)
at com.inetbanking.testcases.TC_AddNewCustomerTest_002.randomAlphanumericString(TC_AddNewCustomerTest_002.java:48)
at com.inetbanking.testcases.TC_AddNewCustomerTest_002.randomAlphanumericString(TC_AddNewCustomerTest_002.java:48)
at com.inetbanking.testcases.TC_AddNewCustomerTest_002.randomAlphanumericString(TC_AddNewCustomerTest_002.java:48)
at com.inetbanking.testcases.TC_AddNewCustomerTest_002.randomAlphanumericString(TC_AddNewCustomerTest_002.java:48)
at com.inetbanking.testcases.TC_AddNewCustomerTest_002.randomAlphanumericString(TC_AddNewCustomerTest_002.java:48)
at com.inetbanking.testcases.TC_AddNewCustomerTest_002.randomAlphanumericString(TC_AddNewCustomerTest_002.java:48)
at com.inetbanking.testcases.TC_AddNewCustomerTest_002.randomAlphanumericString(TC_AddNewCustomerTest_002.java:48)
at com.inetbanking.testcases.TC_AddNewCustomerTest_002.randomAlphanumericString(TC_AddNewCustomerTest_002.java:48)
at com.inetbanking.testcases.TC_AddNewCustomerTest_002.randomAlphanumericString(TC_AddNewCustomerTest_002.java:48)
at com.inetbanking.testcases.TC_AddNewCustomerTest_002.randomAlphanumericString(TC_AddNewCustomerTest_002.java:48)
at com.inetbanking.testcases.TC_AddNewCustomerTest_002.randomAlphanumericString(TC_AddNewCustomerTest_002.java:48)
at com.inetbanking.testcases.TC_AddNewCustomerTest_002.randomAlphanumericString(TC_AddNewCustomerTest_002.java:48)
at com.inetbanking.testcases.TC_AddNewCustomerTest_002.randomAlphanumericString(TC_AddNewCustomerTest_002.java:48)
at com.inetbanking.testcases.TC_AddNewCustomerTest_002.randomAlphanumericString(TC_AddNewCustomerTest_002.java:48)
at com.inetbanking.testcases.TC_AddNewCustomerTest_002.randomAlphanumericString(TC_AddNewCustomerTest_002.java:48)
at com.inetbanking.testcases.TC_AddNewCustomerTest_002.randomAlphanumericString(TC_AddNewCustomerTest_002.java:48)
at com.inetbanking.testcases.TC_AddNewCustomerTest_002.randomAlphanumericString(TC_AddNewCustomerTest_002.java:48)
at com.inetbanking.testcases.TC_AddNewCustomerTest_002.randomAlphanumericString(TC_AddNewCustomerTest_002.java:48)
at com.inetbanking.testcases.TC_AddNewCustomerTest_002.randomAlphanumericString(TC_AddNewCustomerTest_002.java:48)
at com.inetbanking.testcases.TC_AddNewCustomerTest_002.randomAlphanumericString(TC_AddNewCustomerTest_002.java:48)
at com.inetbanking.testcases.TC_AddNewCustomerTest_002.randomAlphanumericString(TC_AddNewCustomerTest_002.java:48)
at com.inetbanking.testcases.TC_AddNewCustomerTest_002.randomAlphanumericString(TC_AddNewCustomerTest_002.java:48)
at com.inetbanking.testcases.TC_AddNewCustomerTest_002.randomAlphanumericString(TC_AddNewCustomerTest_002.java:48)
at com.inetbanking.testcases.TC_AddNewCustomerTest_002.randomAlphanumericString(TC_AddNewCustomerTest_002.java:48)
at com.inetbanking.testcases.TC_AddNewCustomerTest_002.randomAlphanumericString(TC_AddNewCustomerTest_002.java:48)
at com.inetbanking.testcases.TC_AddNewCustomerTest_002.randomAlphanumericString(TC_AddNewCustomerTest_002.java:48)
at com.inetbanking.testcases.TC_AddNewCustomerTest_002.randomAlphanumericString(TC_AddNewCustomerTest_002.java:48)
at com.inetbanking.testcases.TC_AddNewCustomerTest_002.randomAlphanumericString(TC_AddNewCustomerTest_002.java:48)
at com.inetbanking.testcases.TC_AddNewCustomerTest_002.randomAlphanumericString(TC_AddNewCustomerTest_002.java:48)
at com.inetbanking.testcases.TC_AddNewCustomerTest_002.randomAlphanumericString(TC_AddNewCustomerTest_002.java:48)
at com.inetbanking.testcases.TC_AddNewCustomerTest_002.randomAlphanumericString(TC_AddNewCustomerTest_002.java:48)
at com.inetbanking.testcases.TC_AddNewCustomerTest_002.randomAlphanumericString(TC_AddNewCustomerTest_002.java:48)
at com.inetbanking.testcases.TC_AddNewCustomerTest_002.randomAlphanumericString(TC_AddNewCustomerTest_002.java:48)
at com.inetbanking.testcases.TC_AddNewCustomerTest_002.randomAlphanumericString(TC_AddNewCustomerTest_002.java:48)
at com.inetbanking.testcases.TC_AddNewCustomerTest_002.randomAlphanumericString(TC_AddNewCustomerTest_002.java:48)
at com.inetbanking.testcases.TC_AddNewCustomerTest_002.randomAlphanumericString(TC_AddNewCustomerTest_002.java:48)
at com.inetbanking.testcases.TC_AddNewCustomerTest_002.randomAlphanumericString(TC_AddNewCustomerTest_002.java:48)
at com.inetbanking.testcases.TC_AddNewCustomerTest_002.randomAlphanumericString(TC_AddNewCustomerTest_002.java:48)
at com.inetbanking.testcases.TC_AddNewCustomerTest_002.randomAlphanumericString(TC_AddNewCustomerTest_002.java:48)
at com.inetbanking.testcases.TC_AddNewCustomerTest_002.randomAlphanumericString(TC_AddNewCustomerTest_002.java:48)
at com.inetbanking.testcases.TC_AddNewCustomerTest_002.randomAlphanumericString(TC_AddNewCustomerTest_002.java:48)
at com.inetbanking.testcases.TC_AddNewCustomerTest_002.randomAlphanumericString(TC_AddNewCustomerTest_002.java:48)
at com.inetbanking.testcases.TC_AddNewCustomerTest_002.randomAlphanumericString(TC_AddNewCustomerTest_002.java:48)
at com.inetbanking.testcases.TC_AddNewCustomerTest_002.randomAlphanumericString(TC_AddNewCustomerTest_002.java:48)
at com.inetbanking.testcases.TC_AddNewCustomerTest_002.randomAlphanumericString(TC_AddNewCustomerTest_002.java:48)
at com.inetbanking.testcases.TC_AddNewCustomerTest_002.randomAlphanumericString(TC_AddNewCustomerTest_002.java:48)
at com.inetbanking.testcases.TC_AddNewCustomerTest_002.randomAlphanumericString(TC_AddNewCustomerTest_002.java:48)
at com.inetbanking.testcases.TC_AddNewCustomerTest_002.randomAlphanumericString(TC_AddNewCustomerTest_002.java:48)
at com.inetbanking.testcases.TC_AddNewCustomerTest_002.randomAlphanumericString(TC_AddNewCustomerTest_002.java:48)
at com.inetbanking.testcases.TC_AddNewCustomerTest_002.randomAlphanumericString(TC_AddNewCustomerTest_002.java:48)
at com.inetbanking.testcases.TC_AddNewCustomerTest_002.randomAlphanumericString(TC_AddNewCustomerTest_002.java:48)
at com.inetbanking.testcases.TC_AddNewCustomerTest_002.randomAlphanumericString(TC_AddNewCustomerTest_002.java:48)
at com.inetbanking.testcases.TC_AddNewCustomerTest_002.randomAlphanumericString(TC_AddNewCustomerTest_002.java:48)
at com.inetbanking.testcases.TC_AddNewCustomerTest_002.randomAlphanumericString(TC_AddNewCustomerTest_002.java:48)
at com.inetbanking.testcases.TC_AddNewCustomerTest_002.randomAlphanumericString(TC_AddNewCustomerTest_002.java:48)
at com.inetbanking.testcases.TC_AddNewCustomerTest_002.randomAlphanumericString(TC_AddNewCustomerTest_002.java:48)
at com.inetbanking.testcases.TC_AddNewCustomerTest_002.randomAlphanumericString(TC_AddNewCustomerTest_002.java:48)
[...]
at com.inetbanking.testcases.TC_AddNewCustomerTest_002.randomAlphanumericString(TC_AddNewCustomerTest_002.java:48)
at com.inetbanking.testcases.TC_AddNewCustomerTest_002.randomAlphanumericString(TC_AddNewCustomerTest_002.java:48)
at com.inetbanking.testcases.TC_AddNewCustomerTest_002.randomAlphanumericString(TC_AddNewCustomerTest_002.java:48)
at com.inetbanking.testcases.TC_AddNewCustomerTest_002.randomAlphanumericString(TC_AddNewCustomerTest_002.java:48)
at com.inetbanking.testcases.TC_AddNewCustomerTest_002.randomAlphanumericString(TC_AddNewCustomerTest_002.java:48)
at com.inetbanking.testcases.TC_AddNewCustomerTest_002.randomAlphanumericString(TC_AddNewCustomerTest_002.java:48)
at com.inetbanking.testcases.TC_AddNewCustomerTest_002.randomAlphanumericString(TC_AddNewCustomerTest_002.java:48)
at com.inetbanking.testcases.TC_AddNewCustomerTest_002.randomAlphanumericString(TC_AddNewCustomerTest_002.java:48)
at com.inetbanking.testcases.TC_AddNewCustomerTest_002.randomAlphanumericString(TC_AddNewCustomerTest_002.java:48)
at com.inetbanking.testcases.TC_AddNewCustomerTest_002.randomAlphanumericString(TC_AddNewCustomerTest_002.java:48)
at com.inetbanking.testcases.TC_AddNewCustomerTest_002.randomAlphanumericString(TC_AddNewCustomerTest_002.java:48)
at com.inetbanking.testcases.TC_AddNewCustomerTest_002.randomAlphanumericString(TC_AddNewCustomerTest_002.java:48)
at com.inetbanking.testcases.TC_AddNewCustomerTest_002.randomAlphanumericString(TC_AddNewCustomerTest_002.java:48)
at com.inetbanking.testcases.TC_AddNewCustomerTest_002.randomAlphanumericString(TC_AddNewCustomerTest_002.java:48)
at com.inetbanking.testcases.TC_AddNewCustomerTest_002.randomAlphanumericString(TC_AddNewCustomerTest_002.java:48)
at com.inetbanking.testcases.TC_AddNewCustomerTest_002.randomAlphanumericString(TC_AddNewCustomerTest_002.java:48)
at com.inetbanking.testcases.TC_AddNewCustomerTest_002.randomAlphanumericString(TC_AddNewCustomerTest_002.java:48)
at com.inetbanking.testcases.TC_AddNewCustomerTest_002.randomAlphanumericString(TC_AddNewCustomerTest_002.java:48)
at com.inetbanking.testcases.TC_AddNewCustomerTest_002.randomAlphanumericString(TC_AddNewCustomerTest_002.java:48)
at com.inetbanking.testcases.TC_AddNewCustomerTest_002.randomAlphanumericString(TC_AddNewCustomerTest_002.java:48)
at com.inetbanking.testcases.TC_AddNewCustomerTest_002.randomAlphanumericString(TC_AddNewCustomerTest_002.java:48)
at com.inetbanking.testcases.TC_AddNewCustomerTest_002.randomAlphanumericString(TC_AddNewCustomerTest_002.java:48)
at com.inetbanking.testcases.TC_AddNewCustomerTest_002.randomAlphanumericString(TC_AddNewCustomerTest_002.java:48)
at com.inetbanking.testcases.TC_AddNewCustomerTest_002.randomAlphanumericString(TC_AddNewCustomerTest_002.java:48)
at com.inetbanking.testcases.TC_AddNewCustomerTest_002.randomAlphanumericString(TC_AddNewCustomerTest_002.java:48)
at com.inetbanking.testcases.TC_AddNewCustomerTest_002.randomAlphanumericString(TC_AddNewCustomerTest_002.java:48)
at com.inetbanking.testcases.TC_AddNewCustomerTest_002.randomAlphanumericString(TC_AddNewCustomerTest_002.java:48)
at com.inetbanking.testcases.TC_AddNewCustomerTest_002.randomAlphanumericString(TC_AddNewCustomerTest_002.java:48)
at com.inetbanking.testcases.TC_AddNewCustomerTest_002.randomAlphanumericString(TC_AddNewCustomerTest_002.java:48)
at com.inetbanking.testcases.TC_AddNewCustomerTest_002.randomAlphanumericString(TC_AddNewCustomerTest_002.java:48)
at com.inetbanking.testcases.TC_AddNewCustomerTest_002.randomAlphanumericString(TC_AddNewCustomerTest_002.java:48)
at com.inetbanking.testcases.TC_AddNewCustomerTest_002.randomAlphanumericString(TC_AddNewCustomerTest_002.java:48)
at com.inetbanking.testcases.TC_AddNewCustomerTest_002.randomAlphanumericString(TC_AddNewCustomerTest_002.java:48)
at com.inetbanking.testcases.TC_AddNewCustomerTest_002.randomAlphanumericString(TC_AddNewCustomerTest_002.java:48)
at com.inetbanking.testcases.TC_AddNewCustomerTest_002.randomAlphanumericString(TC_AddNewCustomerTest_002.java:48)
at com.inetbanking.testcases.TC_AddNewCustomerTest_002.randomAlphanumericString(TC_AddNewCustomerTest_002.java:48)
at com.inetbanking.testcases.TC_AddNewCustomerTest_002.randomAlphanumericString(TC_AddNewCustomerTest_002.java:48)
at com.inetbanking.testcases.TC_AddNewCustomerTest_002.randomAlphanumericString(TC_AddNewCustomerTest_002.java:48)
at com.inetbanking.testcases.TC_AddNewCustomerTest_002.randomAlphanumericString(TC_AddNewCustomerTest_002.java:48)
at com.inetbanking.testcases.TC_AddNewCustomerTest_002.randomAlphanumericString(TC_AddNewCustomerTest_002.java:48)
at com.inetbanking.testcases.TC_AddNewCustomerTest_002.randomAlphanumericString(TC_AddNewCustomerTest_002.java:48)
at com.inetbanking.testcases.TC_AddNewCustomerTest_002.randomAlphanumericString(TC_AddNewCustomerTest_002.java:48)
at com.inetbanking.testcases.TC_AddNewCustomerTest_002.randomAlphanumericString(TC_AddNewCustomerTest_002.java:48)
at com.inetbanking.testcases.TC_AddNewCustomerTest_002.randomAlphanumericString(TC_AddNewCustomerTest_002.java:48)
at com.inetbanking.testcases.TC_AddNewCustomerTest_002.randomAlphanumericString(TC_AddNewCustomerTest_002.java:48)
at com.inetbanking.testcases.TC_AddNewCustomerTest_002.randomAlphanumericString(TC_AddNewCustomerTest_002.java:48)
at com.inetbanking.testcases.TC_AddNewCustomerTest_002.randomAlphanumericString(TC_AddNewCustomerTest_002.java:48)
at com.inetbanking.testcases.TC_AddNewCustomerTest_002.randomAlphanumericString(TC_AddNewCustomerTest_002.java:48)
at com.inetbanking.testcases.TC_AddNewCustomerTest_002.randomAlphanumericString(TC_AddNewCustomerTest_002.java:48)
at com.inetbanking.testcases.TC_AddNewCustomerTest_002.randomAlphanumericString(TC_AddNewCustomerTest_002.java:48)
at com.inetbanking.testcases.TC_AddNewCustomerTest_002.randomAlphanumericString(TC_AddNewCustomerTest_002.java:48)
at com.inetbanking.testcases.TC_AddNewCustomerTest_002.randomAlphanumericString(TC_AddNewCustomerTest_002.java:48)
at com.inetbanking.testcases.TC_AddNewCustomerTest_002.randomAlphanumericString(TC_AddNewCustomerTest_002.java:48)
at com.inetbanking.testcases.TC_AddNewCustomerTest_002.randomAlphanumericString(TC_AddNewCustomerTest_002.java:48)
at com.inetbanking.testcases.TC_AddNewCustomerTest_002.randomAlphanumericString(TC_AddNewCustomerTest_002.java:48)
at com.inetbanking.testcases.TC_AddNewCustomerTest_002.randomAlphanumericString(TC_AddNewCustomerTest_002.java:48)
at com.inetbanking.testcases.TC_AddNewCustomerTest_002.randomAlphanumericString(TC_AddNewCustomerTest_002.java:48)
at com.inetbanking.testcases.TC_AddNewCustomerTest_002.randomAlphanumericString(TC_AddNewCustomerTest_002.java:48)
at com.inetbanking.testcases.TC_AddNewCustomerTest_002.randomAlphanumericString(TC_AddNewCustomerTest_002.java:48)
at com.inetbanking.testcases.TC_AddNewCustomerTest_002.randomAlphanumericString(TC_AddNewCustomerTest_002.java:48)
at com.inetbanking.testcases.TC_AddNewCustomerTest_002.randomAlphanumericString(TC_AddNewCustomerTest_002.java:48)
at com.inetbanking.testcases.TC_AddNewCustomerTest_002.randomAlphanumericString(TC_AddNewCustomerTest_002.java:48)
at com.inetbanking.testcases.TC_AddNewCustomerTest_002.randomAlphanumericString(TC_AddNewCustomerTest_002.java:48)
at com.inetbanking.testcases.TC_AddNewCustomerTest_002.randomAlphanumericString(TC_AddNewCustomerTest_002.java:48)
at com.inetbanking.testcases.TC_AddNewCustomerTest_002.randomAlphanumericString(TC_AddNewCustomerTest_002.java:48)
at com.inetbanking.testcases.TC_AddNewCustomerTest_002.randomAlphanumericString(TC_AddNewCustomerTest_002.java:48)
at com.inetbanking.testcases.TC_AddNewCustomerTest_002.randomAlphanumericString(TC_AddNewCustomerTest_002.java:48)
at com.inetbanking.testcases.TC_AddNewCustomerTest_002.randomAlphanumericString(TC_AddNewCustomerTest_002.java:48)
at com.inetbanking.testcases.TC_AddNewCustomerTest_002.randomAlphanumericString(TC_AddNewCustomerTest_002.java:48)
at com.inetbanking.testcases.TC_AddNewCustomerTest_002.randomAlphanumericString(TC_AddNewCustomerTest_002.java:48)
at com.inetbanking.testcases.TC_AddNewCustomerTest_002.randomAlphanumericString(TC_AddNewCustomerTest_002.java:48)
at com.inetbanking.testcases.TC_AddNewCustomerTest_002.randomAlphanumericString(TC_AddNewCustomerTest_002.java:48)
at com.inetbanking.testcases.TC_AddNewCustomerTest_002.randomAlphanumericString(TC_AddNewCustomerTest_002.java:48)
at com.inetbanking.testcases.TC_AddNewCustomerTest_002.randomAlphanumericString(TC_AddNewCustomerTest_002.java:48)
at com.inetbanking.testcases.TC_AddNewCustomerTest_002.randomAlphanumericString(TC_AddNewCustomerTest_002.java:48)
at com.inetbanking.testcases.TC_AddNewCustomerTest_002.randomAlphanumericString(TC_AddNewCustomerTest_002.java:48)
at com.inetbanking.testcases.TC_AddNewCustomerTest_002.randomAlphanumericString(TC_AddNewCustomerTest_002.java:48)
at com.inetbanking.testcases.TC_AddNewCustomerTest_002.randomAlphanumericString(TC_AddNewCustomerTest_002.java:48)
at com.inetbanking.testcases.TC_AddNewCustomerTest_002.randomAlphanumericString(TC_AddNewCustomerTest_002.java:48)
at com.inetbanking.testcases.TC_AddNewCustomerTest_002.randomAlphanumericString(TC_AddNewCustomerTest_002.java:48)
at com.inetbanking.testcases.TC_AddNewCustomerTest_002.randomAlphanumericString(TC_AddNewCustomerTest_002.java:48)
at com.inetbanking.testcases.TC_AddNewCustomerTest_002.randomAlphanumericString(TC_AddNewCustomerTest_002.java:48)
at com.inetbanking.testcases.TC_AddNewCustomerTest_002.randomAlphanumericString(TC_AddNewCustomerTest_002.java:48)
at com.inetbanking.testcases.TC_AddNewCustomerTest_002.randomAlphanumericString(TC_AddNewCustomerTest_002.java:48)
at com.inetbanking.testcases.TC_AddNewCustomerTest_002.randomAlphanumericString(TC_AddNewCustomerTest_002.java:48)
at com.inetbanking.testcases.TC_AddNewCustomerTest_002.randomAlphanumericString(TC_AddNewCustomerTest_002.java:48)
at com.inetbanking.testcases.TC_AddNewCustomerTest_002.randomAlphanumericString(TC_AddNewCustomerTest_002.java:48)
at com.inetbanking.testcases.TC_AddNewCustomerTest_002.randomAlphanumericString(TC_AddNewCustomerTest_002.java:48)
at com.inetbanking.testcases.TC_AddNewCustomerTest_002.randomAlphanumericString(TC_AddNewCustomerTest_002.java:48)
at com.inetbanking.testcases.TC_AddNewCustomerTest_002.randomAlphanumericString(TC_AddNewCustomerTest_002.java:48)
at com.inetbanking.testcases.TC_AddNewCustomerTest_002.randomAlphanumericString(TC_AddNewCustomerTest_002.java:48)
at com.inetbanking.testcases.TC_AddNewCustomerTest_002.randomAlphanumericString(TC_AddNewCustomerTest_002.java:48)
at com.inetbanking.testcases.TC_AddNewCustomerTest_002.randomAlphanumericString(TC_AddNewCustomerTest_002.java:48)
at com.inetbanking.testcases.TC_AddNewCustomerTest_002.randomAlphanumericString(TC_AddNewCustomerTest_002.java:48)
at com.inetbanking.testcases.TC_AddNewCustomerTest_002.randomAlphanumericString(TC_AddNewCustomerTest_002.java:48)
at com.inetbanking.testcases.TC_AddNewCustomerTest_002.randomAlphanumericString(TC_AddNewCustomerTest_002.java:48)
at com.inetbanking.testcases.TC_AddNewCustomerTest_002.randomAlphanumericString(TC_AddNewCustomerTest_002.java:48)
at com.inetbanking.testcases.TC_AddNewCustomerTest_002.randomAlphanumericString(TC_AddNewCustomerTest_002.java:48)
at com.inetbanking.testcases.TC_AddNewCustomerTest_002.randomAlphanumericString(TC_AddNewCustomerTest_002.java:48)
at com.inetbanking.testcases.TC_AddNewCustomerTest_002.randomAlphanumericString(TC_AddNewCustomerTest_002.java:48)
at com.inetbanking.testcases.TC_AddNewCustomerTest_002.randomAlphanumericString(TC_AddNewCustomerTest_002.java:48)
at com.inetbanking.testcases.TC_AddNewCustomerTest_002.randomAlphanumericString(TC_AddNewCustomerTest_002.java:48)
at com.inetbanking.testcases.TC_AddNewCustomerTest_002.randomAlphanumericString(TC_AddNewCustomerTest_002.java:48)
at com.inetbanking.testcases.TC_AddNewCustomerTest_002.randomAlphanumericString(TC_AddNewCustomerTest_002.java:48)
at com.inetbanking.testcases.TC_AddNewCustomerTest_002.randomAlphanumericString(TC_AddNewCustomerTest_002.java:48)
at com.inetbanking.testcases.TC_AddNewCustomerTest_002.randomAlphanumericString(TC_AddNewCustomerTest_002.java:48)
at com.inetbanking.testcases.TC_AddNewCustomerTest_002.randomAlphanumericString(TC_AddNewCustomerTest_002.java:48)
at com.inetbanking.testcases.TC_AddNewCustomerTest_002.randomAlphanumericString(TC_AddNewCustomerTest_002.java:48)
at com.inetbanking.testcases.TC_AddNewCustomerTest_002.randomAlphanumericString(TC_AddNewCustomerTest_002.java:48)
at com.inetbanking.testcases.TC_AddNewCustomerTest_002.randomAlphanumericString(TC_AddNewCustomerTest_002.java:48)
at com.inetbanking.testcases.TC_AddNewCustomerTest_002.randomAlphanumericString(TC_AddNewCustomerTest_002.java:48)
at com.inetbanking.testcases.TC_AddNewCustomerTest_002.randomAlphanumericString(TC_AddNewCustomerTest_002.java:48)
at com.inetbanking.testcases.TC_AddNewCustomerTest_002.randomAlphanumericString(TC_AddNewCustomerTest_002.java:48)
at com.inetbanking.testcases.TC_AddNewCustomerTest_002.randomAlphanumericString(TC_AddNewCustomerTest_002.java:48)
at com.inetbanking.testcases.TC_AddNewCustomerTest_002.randomAlphanumericString(TC_AddNewCustomerTest_002.java:48)
at com.inetbanking.testcases.TC_AddNewCustomerTest_002.randomAlphanumericString(TC_AddNewCustomerTest_002.java:48)
at com.inetbanking.testcases.TC_AddNewCustomerTest_002.randomAlphanumericString(TC_AddNewCustomerTest_002.java:48)
at com.inetbanking.testcases.TC_AddNewCustomerTest_002.randomAlphanumericString(TC_AddNewCustomerTest_002.java:48)
at com.inetbanking.testcases.TC_AddNewCustomerTest_002.randomAlphanumericString(TC_AddNewCustomerTest_002.java:48)
at com.inetbanking.testcases.TC_AddNewCustomerTest_002.randomAlphanumericString(TC_AddNewCustomerTest_002.java:48)
at com.inetbanking.testcases.TC_AddNewCustomerTest_002.randomAlphanumericString(TC_AddNewCustomerTest_002.java:48)
at com.inetbanking.testcases.TC_AddNewCustomerTest_002.randomAlphanumericString(TC_AddNewCustomerTest_002.java:48)
at com.inetbanking.testcases.TC_AddNewCustomerTest_002.randomAlphanumericString(TC_AddNewCustomerTest_002.java:48)
at com.inetbanking.testcases.TC_AddNewCustomerTest_002.randomAlphanumericString(TC_AddNewCustomerTest_002.java:48)
at com.inetbanking.testcases.TC_AddNewCustomerTest_002.randomAlphanumericString(TC_AddNewCustomerTest_002.java:48)
at com.inetbanking.testcases.TC_AddNewCustomerTest_002.randomAlphanumericString(TC_AddNewCustomerTest_002.java:48)
at com.inetbanking.testcases.TC_AddNewCustomerTest_002.randomAlphanumericString(TC_AddNewCustomerTest_002.java:48)
at com.inetbanking.testcases.TC_AddNewCustomerTest_002.randomAlphanumericString(TC_AddNewCustomerTest_002.java:48)
at com.inetbanking.testcases.TC_AddNewCustomerTest_002.randomAlphanumericString(TC_AddNewCustomerTest_002.java:48)
at com.inetbanking.testcases.TC_AddNewCustomerTest_002.randomAlphanumericString(TC_AddNewCustomerTest_002.java:48)
at com.inetbanking.testcases.TC_AddNewCustomerTest_002.randomAlphanumericString(TC_AddNewCustomerTest_002.java:48)
at com.inetbanking.testcases.TC_AddNewCustomerTest_002.randomAlphanumericString(TC_AddNewCustomerTest_002.java:48)
at com.inetbanking.testcases.TC_AddNewCustomerTest_002.randomAlphanumericString(TC_AddNewCustomerTest_002.java:48)
at com.inetbanking.testcases.TC_AddNewCustomerTest_002.randomAlphanumericString(TC_AddNewCustomerTest_002.java:48)
at com.inetbanking.testcases.TC_AddNewCustomerTest_002.randomAlphanumericString(TC_AddNewCustomerTest_002.java:48)
at com.inetbanking.testcases.TC_AddNewCustomerTest_002.randomAlphanumericString(TC_AddNewCustomerTest_002.java:48)
at com.inetbanking.testcases.TC_AddNewCustomerTest_002.randomAlphanumericString(TC_AddNewCustomerTest_002.java:48)
at com.inetbanking.testcases.TC_AddNewCustomerTest_002.randomAlphanumericString(TC_AddNewCustomerTest_002.java:48)
at com.inetbanking.testcases.TC_AddNewCustomerTest_002.randomAlphanumericString(TC_AddNewCustomerTest_002.java:48)
at com.inetbanking.testcases.TC_AddNewCustomerTest_002.randomAlphanumericString(TC_AddNewCustomerTest_002.java:48)
at com.inetbanking.testcases.TC_AddNewCustomerTest_002.randomAlphanumericString(TC_AddNewCustomerTest_002.java:48)
at com.inetbanking.testcases.TC_AddNewCustomerTest_002.randomAlphanumericString(TC_AddNewCustomerTest_002.java:48)
at com.inetbanking.testcases.TC_AddNewCustomerTest_002.randomAlphanumericString(TC_AddNewCustomerTest_002.java:48)
at com.inetbanking.testcases.TC_AddNewCustomerTest_002.randomAlphanumericString(TC_AddNewCustomerTest_002.java:48)
at com.inetbanking.testcases.TC_AddNewCustomerTest_002.randomAlphanumericString(TC_AddNewCustomerTest_002.java:48)
at com.inetbanking.testcases.TC_AddNewCustomerTest_002.randomAlphanumericString(TC_AddNewCustomerTest_002.java:48)
at com.inetbanking.testcases.TC_AddNewCustomerTest_002.randomAlphanumericString(TC_AddNewCustomerTest_002.java:48)
at com.inetbanking.testcases.TC_AddNewCustomerTest_002.randomAlphanumericString(TC_AddNewCustomerTest_002.java:48)
at com.inetbanking.testcases.TC_AddNewCustomerTest_002.randomAlphanumericString(TC_AddNewCustomerTest_002.java:48)
at com.inetbanking.testcases.TC_AddNewCustomerTest_002.randomAlphanumericString(TC_AddNewCustomerTest_002.java:48)
at com.inetbanking.testcases.TC_AddNewCustomerTest_002.randomAlphanumericString(TC_AddNewCustomerTest_002.java:48)
at com.inetbanking.testcases.TC_AddNewCustomerTest_002.randomAlphanumericString(TC_AddNewCustomerTest_002.java:48)
at com.inetbanking.testcases.TC_AddNewCustomerTest_002.randomAlphanumericString(TC_AddNewCustomerTest_002.java:48)
at com.inetbanking.testcases.TC_AddNewCustomerTest_002.randomAlphanumericString(TC_AddNewCustomerTest_002.java:48)
at com.inetbanking.testcases.TC_AddNewCustomerTest_002.randomAlphanumericString(TC_AddNewCustomerTest_002.java:48)
at com.inetbanking.testcases.TC_AddNewCustomerTest_002.randomAlphanumericString(TC_AddNewCustomerTest_002.java:48)
at com.inetbanking.testcases.TC_AddNewCustomerTest_002.randomAlphanumericString(TC_AddNewCustomerTest_002.java:48)
at com.inetbanking.testcases.TC_AddNewCustomerTest_002.randomAlphanumericString(TC_AddNewCustomerTest_002.java:48)
at com.inetbanking.testcases.TC_AddNewCustomerTest_002.randomAlphanumericString(TC_AddNewCustomerTest_002.java:48)
at com.inetbanking.testcases.TC_AddNewCustomerTest_002.randomAlphanumericString(TC_AddNewCustomerTest_002.java:48)
at com.inetbanking.testcases.TC_AddNewCustomerTest_002.randomAlphanumericString(TC_AddNewCustomerTest_002.java:48)
at com.inetbanking.testcases.TC_AddNewCustomerTest_002.randomAlphanumericString(TC_AddNewCustomerTest_002.java:48)
at com.inetbanking.testcases.TC_AddNewCustomerTest_002.randomAlphanumericString(TC_AddNewCustomerTest_002.java:48)
at com.inetbanking.testcases.TC_AddNewCustomerTest_002.randomAlphanumericString(TC_AddNewCustomerTest_002.java:48)
at com.inetbanking.testcases.TC_AddNewCustomerTest_002.randomAlphanumericString(TC_AddNewCustomerTest_002.java:48)
at com.inetbanking.testcases.TC_AddNewCustomerTest_002.randomAlphanumericString(TC_AddNewCustomerTest_002.java:48)
at com.inetbanking.testcases.TC_AddNewCustomerTest_002.randomAlphanumericString(TC_AddNewCustomerTest_002.java:48)
at com.inetbanking.testcases.TC_AddNewCustomerTest_002.randomAlphanumericString(TC_AddNewCustomerTest_002.java:48)
at com.inetbanking.testcases.TC_AddNewCustomerTest_002.randomAlphanumericString(TC_AddNewCustomerTest_002.java:48)
at com.inetbanking.testcases.TC_AddNewCustomerTest_002.randomAlphanumericString(TC_AddNewCustomerTest_002.java:48)
at com.inetbanking.testcases.TC_AddNewCustomerTest_002.randomAlphanumericString(TC_AddNewCustomerTest_002.java:48)
]]>
    </error>
  </testcase> <!-- loginTest -->
</testsuite> <!-- com.inetbanking.testcases.TC_AddNewCustomerTest_002 -->
