<?xml version="1.0" encoding="UTF-8"?>
<testng-results ignored="0" total="1" passed="1" failed="0" skipped="0">
  <reporter-output>
  </reporter-output>
  <suite started-at="2024-03-31T12:40:29 IST" name="InetBanking" finished-at="2024-03-31T12:40:49 IST" duration-ms="20036">
    <groups>
    </groups>
    <test started-at="2024-03-31T12:40:29 IST" name="BankingApp Test" finished-at="2024-03-31T12:40:49 IST" duration-ms="20036">
      <class name="com.inetbanking.testcases.TC_LoginTest_001">
        <test-method is-config="true" signature="setUp(java.lang.String)[pri:0, instance:com.inetbanking.testcases.TC_LoginTest_001@54c5a2ff]" started-at="2024-03-31T12:40:29 IST" name="setUp" finished-at="2024-03-31T12:40:43 IST" duration-ms="13634" status="PASS">
          <params>
            <param index="0">
              <value>
                <![CDATA[chrome]]>
              </value>
            </param>
          </params>
          <reporter-output>
          </reporter-output>
        </test-method> <!-- setUp -->
        <test-method signature="loginTest()[pri:0, instance:com.inetbanking.testcases.TC_LoginTest_001@54c5a2ff]" started-at="2024-03-31T12:40:43 IST" name="loginTest" finished-at="2024-03-31T12:40:49 IST" duration-ms="6331" status="PASS">
          <reporter-output>
          </reporter-output>
        </test-method> <!-- loginTest -->
      </class> <!-- com.inetbanking.testcases.TC_LoginTest_001 -->
    </test> <!-- BankingApp Test -->
  </suite> <!-- InetBanking -->
</testng-results>
