<?xml version="1.0" encoding="UTF-8"?>
<!-- Generated by org.testng.reporters.JUnitXMLReporter -->
<testsuite ignored="0" hostname="DESKTOP-UTMBFEU" failures="22" tests="50" name="BankingApp" time="309.942" errors="0" timestamp="2024-03-29T16:05:02 IST">
  <testcase classname="com.inetbanking.testcases.TC_LoginTest_001" name="loginTest" time="3.89"/>
  <testcase classname="com.inetbanking.testcases.LoginDDT" name="loginDDT" time="0.935">
    <failure type="java.lang.AssertionError" message="expected [true] but found [false]">
      <![CDATA[java.lang.AssertionError: expected [true] but found [false]
at com.inetbanking.testcases.LoginDDT.loginDDT(LoginDDT.java:30)
at java.base/java.util.ArrayList.forEach(ArrayList.java:1511)
... Removed 30 stack frames]]>
    </failure>
  </testcase> <!-- loginDDT -->
  <testcase classname="com.inetbanking.testcases.LoginDDT" name="loginDDT" time="1.357">
    <failure type="java.lang.AssertionError" message="expected [true] but found [false]">
      <![CDATA[java.lang.AssertionError: expected [true] but found [false]
at com.inetbanking.testcases.LoginDDT.loginDDT(LoginDDT.java:30)
at java.base/java.util.ArrayList.forEach(ArrayList.java:1511)
... Removed 30 stack frames]]>
    </failure>
  </testcase> <!-- loginDDT -->
  <testcase classname="com.inetbanking.testcases.LoginDDT" name="loginDDT" time="1.496">
    <failure type="java.lang.AssertionError" message="expected [true] but found [false]">
      <![CDATA[java.lang.AssertionError: expected [true] but found [false]
at com.inetbanking.testcases.LoginDDT.loginDDT(LoginDDT.java:30)
at java.base/java.util.ArrayList.forEach(ArrayList.java:1511)
... Removed 30 stack frames]]>
    </failure>
  </testcase> <!-- loginDDT -->
  <testcase classname="com.inetbanking.testcases.LoginDDT" name="loginDDT" time="1.585">
    <failure type="java.lang.AssertionError" message="expected [true] but found [false]">
      <![CDATA[java.lang.AssertionError: expected [true] but found [false]
at com.inetbanking.testcases.LoginDDT.loginDDT(LoginDDT.java:30)
at java.base/java.util.ArrayList.forEach(ArrayList.java:1511)
... Removed 30 stack frames]]>
    </failure>
  </testcase> <!-- loginDDT -->
  <testcase classname="com.inetbanking.testcases.LoginDDT" name="loginDDT" time="1.706">
    <failure type="java.lang.AssertionError" message="expected [true] but found [false]">
      <![CDATA[java.lang.AssertionError: expected [true] but found [false]
at com.inetbanking.testcases.LoginDDT.loginDDT(LoginDDT.java:30)
at java.base/java.util.ArrayList.forEach(ArrayList.java:1511)
... Removed 30 stack frames]]>
    </failure>
  </testcase> <!-- loginDDT -->
  <testcase classname="com.inetbanking.testcases.LoginDDT" name="loginDDT" time="9.373"/>
  <testcase classname="com.inetbanking.testcases.LoginDDT" name="loginDDT" time="9.189"/>
  <testcase classname="com.inetbanking.testcases.LoginDDT" name="loginDDT" time="9.051"/>
  <testcase classname="com.inetbanking.testcases.LoginDDT" name="loginDDT" time="8.798"/>
  <testcase classname="com.inetbanking.testcases.LoginDDT" name="loginDDT" time="8.846"/>
  <testcase classname="com.inetbanking.testcases.LoginDDT" name="loginDDT" time="9.104"/>
  <testcase classname="com.inetbanking.testcases.LoginDDT" name="loginDDT" time="9.252"/>
  <testcase classname="com.inetbanking.testcases.LoginDDT" name="loginDDT" time="2.064">
    <failure type="java.lang.AssertionError" message="expected [true] but found [false]">
      <![CDATA[java.lang.AssertionError: expected [true] but found [false]
at com.inetbanking.testcases.LoginDDT.loginDDT(LoginDDT.java:30)
at java.base/java.util.ArrayList.forEach(ArrayList.java:1511)
... Removed 30 stack frames]]>
    </failure>
  </testcase> <!-- loginDDT -->
  <testcase classname="com.inetbanking.testcases.LoginDDT" name="loginDDT" time="1.804">
    <failure type="java.lang.AssertionError" message="expected [true] but found [false]">
      <![CDATA[java.lang.AssertionError: expected [true] but found [false]
at com.inetbanking.testcases.LoginDDT.loginDDT(LoginDDT.java:30)
at java.base/java.util.ArrayList.forEach(ArrayList.java:1511)
... Removed 30 stack frames]]>
    </failure>
  </testcase> <!-- loginDDT -->
  <testcase classname="com.inetbanking.testcases.LoginDDT" name="loginDDT" time="8.023"/>
  <testcase classname="com.inetbanking.testcases.LoginDDT" name="loginDDT" time="8.775"/>
  <testcase classname="com.inetbanking.testcases.LoginDDT" name="loginDDT" time="9.006"/>
  <testcase classname="com.inetbanking.testcases.LoginDDT" name="loginDDT" time="8.492"/>
  <testcase classname="com.inetbanking.testcases.LoginDDT" name="loginDDT" time="8.75"/>
  <testcase classname="com.inetbanking.testcases.LoginDDT" name="loginDDT" time="9.772"/>
  <testcase classname="com.inetbanking.testcases.LoginDDT" name="loginDDT" time="9.501"/>
  <testcase classname="com.inetbanking.testcases.LoginDDT" name="loginDDT" time="2.332">
    <failure type="java.lang.AssertionError" message="expected [true] but found [false]">
      <![CDATA[java.lang.AssertionError: expected [true] but found [false]
at com.inetbanking.testcases.LoginDDT.loginDDT(LoginDDT.java:30)
at java.base/java.util.ArrayList.forEach(ArrayList.java:1511)
... Removed 30 stack frames]]>
    </failure>
  </testcase> <!-- loginDDT -->
  <testcase classname="com.inetbanking.testcases.LoginDDT" name="loginDDT" time="1.362">
    <failure type="java.lang.AssertionError" message="expected [true] but found [false]">
      <![CDATA[java.lang.AssertionError: expected [true] but found [false]
at com.inetbanking.testcases.LoginDDT.loginDDT(LoginDDT.java:30)
at java.base/java.util.ArrayList.forEach(ArrayList.java:1511)
... Removed 30 stack frames]]>
    </failure>
  </testcase> <!-- loginDDT -->
  <testcase classname="com.inetbanking.testcases.LoginDDT" name="loginDDT" time="1.62">
    <failure type="java.lang.AssertionError" message="expected [true] but found [false]">
      <![CDATA[java.lang.AssertionError: expected [true] but found [false]
at com.inetbanking.testcases.LoginDDT.loginDDT(LoginDDT.java:30)
at java.base/java.util.ArrayList.forEach(ArrayList.java:1511)
... Removed 30 stack frames]]>
    </failure>
  </testcase> <!-- loginDDT -->
  <testcase classname="com.inetbanking.testcases.LoginDDT" name="loginDDT" time="1.53">
    <failure type="java.lang.AssertionError" message="expected [true] but found [false]">
      <![CDATA[java.lang.AssertionError: expected [true] but found [false]
at com.inetbanking.testcases.LoginDDT.loginDDT(LoginDDT.java:30)
at java.base/java.util.ArrayList.forEach(ArrayList.java:1511)
... Removed 30 stack frames]]>
    </failure>
  </testcase> <!-- loginDDT -->
  <testcase classname="com.inetbanking.testcases.LoginDDT" name="loginDDT" time="1.79">
    <failure type="java.lang.AssertionError" message="expected [true] but found [false]">
      <![CDATA[java.lang.AssertionError: expected [true] but found [false]
at com.inetbanking.testcases.LoginDDT.loginDDT(LoginDDT.java:30)
at java.base/java.util.ArrayList.forEach(ArrayList.java:1511)
... Removed 30 stack frames]]>
    </failure>
  </testcase> <!-- loginDDT -->
  <testcase classname="com.inetbanking.testcases.LoginDDT" name="loginDDT" time="1.814">
    <failure type="java.lang.AssertionError" message="expected [true] but found [false]">
      <![CDATA[java.lang.AssertionError: expected [true] but found [false]
at com.inetbanking.testcases.LoginDDT.loginDDT(LoginDDT.java:30)
at java.base/java.util.ArrayList.forEach(ArrayList.java:1511)
... Removed 30 stack frames]]>
    </failure>
  </testcase> <!-- loginDDT -->
  <testcase classname="com.inetbanking.testcases.LoginDDT" name="loginDDT" time="1.905">
    <failure type="java.lang.AssertionError" message="expected [true] but found [false]">
      <![CDATA[java.lang.AssertionError: expected [true] but found [false]
at com.inetbanking.testcases.LoginDDT.loginDDT(LoginDDT.java:30)
at java.base/java.util.ArrayList.forEach(ArrayList.java:1511)
... Removed 30 stack frames]]>
    </failure>
  </testcase> <!-- loginDDT -->
  <testcase classname="com.inetbanking.testcases.LoginDDT" name="loginDDT" time="1.461">
    <failure type="java.lang.AssertionError" message="expected [true] but found [false]">
      <![CDATA[java.lang.AssertionError: expected [true] but found [false]
at com.inetbanking.testcases.LoginDDT.loginDDT(LoginDDT.java:30)
at java.base/java.util.ArrayList.forEach(ArrayList.java:1511)
... Removed 30 stack frames]]>
    </failure>
  </testcase> <!-- loginDDT -->
  <testcase classname="com.inetbanking.testcases.LoginDDT" name="loginDDT" time="1.419">
    <failure type="java.lang.AssertionError" message="expected [true] but found [false]">
      <![CDATA[java.lang.AssertionError: expected [true] but found [false]
at com.inetbanking.testcases.LoginDDT.loginDDT(LoginDDT.java:30)
at java.base/java.util.ArrayList.forEach(ArrayList.java:1511)
... Removed 30 stack frames]]>
    </failure>
  </testcase> <!-- loginDDT -->
  <testcase classname="com.inetbanking.testcases.LoginDDT" name="loginDDT" time="1.351">
    <failure type="java.lang.AssertionError" message="expected [true] but found [false]">
      <![CDATA[java.lang.AssertionError: expected [true] but found [false]
at com.inetbanking.testcases.LoginDDT.loginDDT(LoginDDT.java:30)
at java.base/java.util.ArrayList.forEach(ArrayList.java:1511)
... Removed 30 stack frames]]>
    </failure>
  </testcase> <!-- loginDDT -->
  <testcase classname="com.inetbanking.testcases.LoginDDT" name="loginDDT" time="1.747">
    <failure type="java.lang.AssertionError" message="expected [true] but found [false]">
      <![CDATA[java.lang.AssertionError: expected [true] but found [false]
at com.inetbanking.testcases.LoginDDT.loginDDT(LoginDDT.java:30)
at java.base/java.util.ArrayList.forEach(ArrayList.java:1511)
... Removed 30 stack frames]]>
    </failure>
  </testcase> <!-- loginDDT -->
  <testcase classname="com.inetbanking.testcases.LoginDDT" name="loginDDT" time="1.475">
    <failure type="java.lang.AssertionError" message="expected [true] but found [false]">
      <![CDATA[java.lang.AssertionError: expected [true] but found [false]
at com.inetbanking.testcases.LoginDDT.loginDDT(LoginDDT.java:30)
at java.base/java.util.ArrayList.forEach(ArrayList.java:1511)
... Removed 30 stack frames]]>
    </failure>
  </testcase> <!-- loginDDT -->
  <testcase classname="com.inetbanking.testcases.LoginDDT" name="loginDDT" time="1.405">
    <failure type="java.lang.AssertionError" message="expected [true] but found [false]">
      <![CDATA[java.lang.AssertionError: expected [true] but found [false]
at com.inetbanking.testcases.LoginDDT.loginDDT(LoginDDT.java:30)
at java.base/java.util.ArrayList.forEach(ArrayList.java:1511)
... Removed 30 stack frames]]>
    </failure>
  </testcase> <!-- loginDDT -->
  <testcase classname="com.inetbanking.testcases.LoginDDT" name="loginDDT" time="1.497">
    <failure type="java.lang.AssertionError" message="expected [true] but found [false]">
      <![CDATA[java.lang.AssertionError: expected [true] but found [false]
at com.inetbanking.testcases.LoginDDT.loginDDT(LoginDDT.java:30)
at java.base/java.util.ArrayList.forEach(ArrayList.java:1511)
... Removed 30 stack frames]]>
    </failure>
  </testcase> <!-- loginDDT -->
  <testcase classname="com.inetbanking.testcases.LoginDDT" name="loginDDT" time="1.635">
    <failure type="java.lang.AssertionError" message="expected [true] but found [false]">
      <![CDATA[java.lang.AssertionError: expected [true] but found [false]
at com.inetbanking.testcases.LoginDDT.loginDDT(LoginDDT.java:30)
at java.base/java.util.ArrayList.forEach(ArrayList.java:1511)
... Removed 30 stack frames]]>
    </failure>
  </testcase> <!-- loginDDT -->
  <testcase classname="com.inetbanking.testcases.LoginDDT" name="loginDDT" time="8.09"/>
  <testcase classname="com.inetbanking.testcases.LoginDDT" name="loginDDT" time="8.732"/>
  <testcase classname="com.inetbanking.testcases.LoginDDT" name="loginDDT" time="8.947"/>
  <testcase classname="com.inetbanking.testcases.LoginDDT" name="loginDDT" time="9.403"/>
  <testcase classname="com.inetbanking.testcases.LoginDDT" name="loginDDT" time="9.195"/>
  <testcase classname="com.inetbanking.testcases.LoginDDT" name="loginDDT" time="9.802"/>
  <testcase classname="com.inetbanking.testcases.LoginDDT" name="loginDDT" time="9.308"/>
  <testcase classname="com.inetbanking.testcases.LoginDDT" name="loginDDT" time="9.014"/>
  <testcase classname="com.inetbanking.testcases.LoginDDT" name="loginDDT" time="8.846"/>
  <testcase classname="com.inetbanking.testcases.LoginDDT" name="loginDDT" time="8.701"/>
  <testcase classname="com.inetbanking.testcases.LoginDDT" name="loginDDT" time="9.284"/>
  <testcase classname="com.inetbanking.testcases.LoginDDT" name="loginDDT" time="8.794"/>
  <testcase classname="com.inetbanking.testcases.LoginDDT" name="loginDDT" time="9.637"/>
</testsuite> <!-- BankingApp -->
